#
# A fatal error has been detected by the Java Runtime Environment:
#
#  SIGSEGV (0xb) at pc=0x00007fa6209bd6f8, pid=6399, tid=6403
#
# JRE version: OpenJDK Runtime Environment (11.0.10) (build 11.0.10+0-b96-7249189)
# Java VM: OpenJDK 64-Bit Server VM (11.0.10+0-b96-7249189, mixed mode, tiered, compressed oops, serial gc, linux-amd64)
# Problematic frame:
# C  [libc.so.6+0x1696f8]
#
# Core dump will be written. Default location: Core dumps may be processed with "/usr/share/apport/apport %p %s %c %d %P %E" (or dumping to /home/douglas/Desktop/kotlin/CosturaCalcKotlin/core.6399)
#
# If you would like to submit a bug report, please visit:
#   https://bugreport.java.com/bugreport/crash.jsp
#

---------------  S U M M A R Y ------------

Command Line: --add-opens=java.base/java.util=ALL-UNNAMED --add-opens=java.base/java.lang=ALL-UNNAMED --add-opens=java.base/java.lang.invoke=ALL-UNNAMED --add-opens=java.base/java.util=ALL-UNNAMED --add-opens=java.prefs/java.util.prefs=ALL-UNNAMED --add-opens=java.prefs/java.util.prefs=ALL-UNNAMED --add-opens=java.base/java.nio.charset=ALL-UNNAMED --add-opens=java.base/java.net=ALL-UNNAMED --add-opens=java.base/java.util.concurrent.atomic=ALL-UNNAMED -Xmx2048m -Dfile.encoding=UTF-8 -Duser.country=US -Duser.language=en -Duser.variant org.gradle.launcher.daemon.bootstrap.GradleDaemon 7.0.2

Host: Intel(R) Celeron(R) CPU          450  @ 2.20GHz, 1 cores, 3G, Ubuntu 20.04.3 LTS
Time: Tue Mar  8 10:28:13 2022 -03 elapsed time: 254.245279 seconds (0d 0h 4m 14s)

---------------  T H R E A D  ---------------

Current thread (0x00007fa618089800):  VMThread "VM Thread" [stack: 0x00007fa61d808000,0x00007fa61d908000] [id=6403]

Stack: [0x00007fa61d808000,0x00007fa61d908000],  sp=0x00007fa61d906208,  free space=1016k
Native frames: (J=compiled Java code, A=aot compiled Java code, j=interpreted, Vv=VM code, C=native code)
C  [libc.so.6+0x1696f8]
V  [libjvm.so+0x7066ac]  Generation::compact()+0x2c
V  [libjvm.so+0x6f8d0d]  GenCollectedHeap::generation_iterate(GenCollectedHeap::GenClosure*, bool)+0x1d
V  [libjvm.so+0x6f9cdf]  GenMarkSweep::mark_sweep_phase4()+0x6f
V  [libjvm.so+0x6f93bf]  GenMarkSweep::invoke_at_safepoint(ReferenceProcessor*, bool)+0xdf
V  [libjvm.so+0xbc985f]  TenuredGeneration::collect(bool, bool, unsigned long, bool)+0xaf
V  [libjvm.so+0x6f7494]  GenCollectedHeap::collect_generation(Generation*, bool, unsigned long, bool, bool, bool, bool)+0x234
V  [libjvm.so+0x6f7a63]  GenCollectedHeap::do_collection(bool, bool, unsigned long, bool, GenCollectedHeap::GenerationType)+0x473
V  [libjvm.so+0x6f7ed0]  GenCollectedHeap::satisfy_failed_allocation(unsigned long, bool)+0xf0
V  [libjvm.so+0xc2e288]  VM_GenCollectForAllocation::doit()+0x88
V  [libjvm.so+0xc2ea96]  VM_Operation::evaluate()+0xc6
V  [libjvm.so+0xc34627]  VMThread::evaluate_operation(VM_Operation*)+0x117
V  [libjvm.so+0xc341b0]  VMThread::loop()+0x450
V  [libjvm.so+0xc33c6f]  VMThread::run()+0x6f
V  [libjvm.so+0xbca448]  Thread::call_run()+0x68
V  [libjvm.so+0xa7d25e]  thread_native_entry(Thread*)+0x1be


siginfo: si_signo: 11 (SIGSEGV), si_code: 128 (SI_KERNEL), si_addr: 0x0000000000000000

Register to memory mapping:

RAX=0x20000000b3478ac8 is an unknown value
RBX=0x20000000b3478ac8 is an unknown value
RCX=0x0000000000004000 is an unknown value
RDX=0xffffffffffffffc8 is an unknown value
RSP=0x00007fa61d906208 points into unknown readable memory: 0x00007fa6200f87e7 | e7 87 0f 20 a6 7f 00 00
RBP=0x00007fa61d906260 points into unknown readable memory: 0x00007fa61d906280 | 80 62 90 1d a6 7f 00 00
RSI=
[error occurred during error reporting (printing register info), id 0xb, SIGSEGV (0xb) at pc=0x00007fa6200f7b9a]

Registers:
RAX=0x20000000b3478ac8, RBX=0x20000000b3478ac8, RCX=0x0000000000004000, RDX=0xffffffffffffffc8
RSP=0x00007fa61d906208, RBP=0x00007fa61d906260, RSI=0x00000000b3bd5a88, RDI=0x20000000b3478b10
R8 =0x20000000b3478b08, R9 =0x00007fa6209bd6c8, R10=0x00000000b3478a63, R11=0x00007fa620a11ac0
R12=0x00000000b79fac70, R13=0x00007fa6207d2398, R14=0x000000000000000a, R15=0x00000000b3bd5a80
RIP=0x00007fa6209bd6f8, EFLAGS=0x0000000000010283, CSGSFS=0x002b000000000033, ERR=0x0000000000000000
  TRAPNO=0x000000000000000d

Top of Stack: (sp=0x00007fa61d906208)
0x00007fa61d906208:   00007fa6200f87e7 00007fa61d906298
0x00007fa61d906218:   0000000000000005 0000000000000240
0x00007fa61d906228:   0000000000000240 00007fa61802ba70
0x00007fa61d906238:   00007fa61802ba70 00007fa6208043f8 

Instructions: (pc=0x00007fa6209bd6f8)
0x00007fa6209bd5f8:   39 ca 0f 28 4e f8 72 07 4d 8d 89 f9 ff ff ff 48
0x00007fa6209bd608:   8d 52 c0 3e 41 ff e1 0f 18 86 c0 01 00 00 48 83
0x00007fa6209bd618:   ea 40 0f 28 56 08 0f 28 5e 18 0f 28 66 28 0f 28
0x00007fa6209bd628:   6e 38 66 0f 6f f5 66 0f 3a 0f ec 08 48 8d 76 40
0x00007fa6209bd638:   66 0f 3a 0f e3 08 66 0f 3a 0f da 08 48 8d 7f 40
0x00007fa6209bd648:   66 0f 3a 0f d1 08 66 0f 6f ce 66 0f 7f 57 c0 0f
0x00007fa6209bd658:   29 5f d0 72 13 0f 29 67 e0 0f 29 6f f0 3e 41 ff
0x00007fa6209bd668:   e1 0f 0b 0f 1f 44 00 00 48 8d 52 40 0f 29 67 e0
0x00007fa6209bd678:   48 01 d6 0f 29 6f f0 48 01 d7 f3 41 0f 7f 00 4c
0x00007fa6209bd688:   8d 1d b2 42 05 00 49 63 14 93 49 8d 14 13 3e ff
0x00007fa6209bd698:   e2 0f 0b 0f 1f 44 00 00 4d 8d 89 28 00 00 00 48
0x00007fa6209bd6a8:   39 ca 0f 28 4e f8 72 07 4d 8d 89 f9 ff ff ff 48
0x00007fa6209bd6b8:   8d 52 c0 3e 41 ff e1 0f 0b 0f 18 86 40 fe ff ff
0x00007fa6209bd6c8:   0f 28 56 e8 48 83 ea 40 0f 28 5e d8 0f 28 66 c8
0x00007fa6209bd6d8:   0f 28 6e b8 48 8d 76 c0 66 0f 3a 0f ca 08 66 0f
0x00007fa6209bd6e8:   3a 0f d3 08 66 0f 3a 0f dc 08 66 0f 3a 0f e5 08
0x00007fa6209bd6f8:   0f 29 4f f0 0f 28 cd 0f 29 57 e0 48 8d 7f c0 0f
0x00007fa6209bd708:   29 5f 10 72 09 0f 29 27 3e 41 ff e1 0f 0b 0f 29
0x00007fa6209bd718:   27 48 8d 52 40 f3 41 0f 7f 00 4c 8d 1d 17 42 05
0x00007fa6209bd728:   00 49 63 14 93 49 8d 14 13 3e ff e2 0f 0b 66 2e
0x00007fa6209bd738:   0f 1f 84 00 00 00 00 00 4d 8d 89 28 00 00 00 48
0x00007fa6209bd748:   39 ca 0f 28 4e f7 72 07 4d 8d 89 f9 ff ff ff 48
0x00007fa6209bd758:   8d 52 c0 3e 41 ff e1 0f 0b 0f 18 86 c0 01 00 00
0x00007fa6209bd768:   48 83 ea 40 0f 28 56 07 0f 28 5e 17 0f 28 66 27
0x00007fa6209bd778:   0f 28 6e 37 66 0f 6f f5 66 0f 3a 0f ec 09 48 8d
0x00007fa6209bd788:   76 40 66 0f 3a 0f e3 09 66 0f 3a 0f da 09 48 8d
0x00007fa6209bd798:   7f 40 66 0f 3a 0f d1 09 66 0f 6f ce 66 0f 7f 57
0x00007fa6209bd7a8:   c0 0f 29 5f d0 72 0e 0f 29 67 e0 0f 29 6f f0 3e
0x00007fa6209bd7b8:   41 ff e1 0f 0b 0f 29 67 e0 48 8d 52 40 0f 29 6f
0x00007fa6209bd7c8:   f0 48 01 d7 f3 41 0f 7f 00 48 01 d6 4c 8d 1d 65
0x00007fa6209bd7d8:   41 05 00 49 63 14 93 49 8d 14 13 3e ff e2 0f 0b
0x00007fa6209bd7e8:   0f 1f 84 00 00 00 00 00 4d 8d 89 28 00 00 00 48 


Stack slot to memory mapping:
stack at sp + 0 slots: 0x00007fa6200f87e7: <offset 0x0000000000b357e7> in /home/douglas/.local/share/JetBrains/Toolbox/apps/AndroidStudio/ch-0/203.7935034/jre/lib/server/libjvm.so at 0x00007fa61f5c3000
stack at sp + 1 slots: 0x00007fa61d906298 points into unknown readable memory: 0x00007fa61d9062b8 | b8 62 90 1d a6 7f 00 00
stack at sp + 2 slots: 0x0000000000000005 is an unknown value
stack at sp + 3 slots: 0x0000000000000240 is an unknown value
stack at sp + 4 slots: 0x0000000000000240 is an unknown value
stack at sp + 5 slots: 0x00007fa61802ba70 points into unknown readable memory: 0x00007fa6207abb10 | 10 bb 7a 20 a6 7f 00 00
stack at sp + 6 slots: 0x00007fa61802ba70 points into unknown readable memory: 0x00007fa6207abb10 | 10 bb 7a 20 a6 7f 00 00
stack at sp + 7 slots: 0x00007fa6208043f8: <offset 0x00000000012413f8> in /home/douglas/.local/share/JetBrains/Toolbox/apps/AndroidStudio/ch-0/203.7935034/jre/lib/server/libjvm.so at 0x00007fa61f5c3000

VM_Operation (0x00007fa5e24e3968): GenCollectForAllocation, mode: safepoint, requested by thread 0x00007fa5f81fa000


---------------  P R O C E S S  ---------------

Threads class SMR info:
_java_thread_list=0x00007fa5f81fad40, length=40, elements={
0x00007fa618016000, 0x00007fa618092000, 0x00007fa618096800, 0x00007fa6180b4800,
0x00007fa6180b6800, 0x00007fa6180b8800, 0x00007fa6180ba800, 0x00007fa6180bc800,
0x00007fa618131800, 0x00007fa61926e000, 0x00007fa619315000, 0x00007fa619341000,
0x00007fa5f0015800, 0x00007fa5f8004000, 0x00007fa5f8007800, 0x00007fa5f800d000,
0x0000000001f87800, 0x0000000001f94800, 0x000000000212c000, 0x0000000002136800,
0x00000000021c9000, 0x00000000024cc800, 0x000000000220b800, 0x000000000229a000,
0x00000000024fb800, 0x000000000252d800, 0x00000000025e9800, 0x0000000002498000,
0x0000000002819800, 0x0000000002823800, 0x0000000001fd3800, 0x0000000002c44800,
0x0000000002b67800, 0x000000000354c800, 0x000000000376f000, 0x0000000003cf5800,
0x0000000003852000, 0x0000000003eff000, 0x00007fa5fc021000, 0x00007fa5f81fa000
}

Java Threads: ( => current thread )
  0x00007fa618016000 JavaThread "main" [_thread_blocked, id=6401, stack(0x00007fa61f373000,0x00007fa61f474000)]
  0x00007fa618092000 JavaThread "Reference Handler" daemon [_thread_blocked, id=6404, stack(0x00007fa61d705000,0x00007fa61d806000)]
  0x00007fa618096800 JavaThread "Finalizer" daemon [_thread_blocked, id=6405, stack(0x00007fa61d604000,0x00007fa61d705000)]
  0x00007fa6180b4800 JavaThread "Signal Dispatcher" daemon [_thread_blocked, id=6406, stack(0x00007fa61cf92000,0x00007fa61d093000)]
  0x00007fa6180b6800 JavaThread "Service Thread" daemon [_thread_blocked, id=6407, stack(0x00007fa61ce91000,0x00007fa61cf92000)]
  0x00007fa6180b8800 JavaThread "C2 CompilerThread0" daemon [_thread_blocked, id=6408, stack(0x00007fa61cd90000,0x00007fa61ce91000)]
  0x00007fa6180ba800 JavaThread "C1 CompilerThread0" daemon [_thread_blocked, id=6409, stack(0x00007fa61cc8f000,0x00007fa61cd90000)]
  0x00007fa6180bc800 JavaThread "Sweeper thread" daemon [_thread_blocked, id=6410, stack(0x00007fa61cb8e000,0x00007fa61cc8f000)]
  0x00007fa618131800 JavaThread "Common-Cleaner" daemon [_thread_blocked, id=6411, stack(0x00007fa61ca8d000,0x00007fa61cb8e000)]
  0x00007fa61926e000 JavaThread "Daemon health stats" [_thread_blocked, id=6429, stack(0x00007fa604a44000,0x00007fa604b45000)]
  0x00007fa619315000 JavaThread "Incoming local TCP Connector on port 39849" [_thread_in_native, id=6433, stack(0x00007fa604540000,0x00007fa604641000)]
  0x00007fa619341000 JavaThread "Daemon periodic checks" [_thread_blocked, id=6434, stack(0x00007fa60443f000,0x00007fa604540000)]
  0x00007fa5f0015800 JavaThread "Daemon" [_thread_blocked, id=6435, stack(0x00007fa60413e000,0x00007fa60423f000)]
  0x00007fa5f8004000 JavaThread "Handler for socket connection from /127.0.0.1:39849 to /127.0.0.1:36098" [_thread_blocked, id=6436, stack(0x00007fa60403d000,0x00007fa60413e000)]
  0x00007fa5f8007800 JavaThread "Cancel handler" [_thread_blocked, id=6439, stack(0x00007fa5e7eff000,0x00007fa5e8000000)]
  0x00007fa5f800d000 JavaThread "Daemon worker" [_thread_blocked, id=6440, stack(0x00007fa5e7dfe000,0x00007fa5e7eff000)]
  0x0000000001f87800 JavaThread "Asynchronous log dispatcher for DefaultDaemonConnection: socket connection from /127.0.0.1:39849 to /127.0.0.1:36098" [_thread_blocked, id=6443, stack(0x00007fa5e7cfd000,0x00007fa5e7dfe000)]
  0x0000000001f94800 JavaThread "Daemon client event forwarder" [_thread_blocked, id=6445, stack(0x00007fa5e7afb000,0x00007fa5e7bfc000)]
  0x000000000212c000 JavaThread "Cache worker for file hash cache (/home/douglas/.gradle/caches/7.0.2/fileHashes)" [_thread_blocked, id=6448, stack(0x00007fa5e77fa000,0x00007fa5e78fb000)]
  0x0000000002136800 JavaThread "File lock request listener" [_thread_in_native, id=6449, stack(0x00007fa5e76f9000,0x00007fa5e77fa000)]
  0x00000000021c9000 JavaThread "Cache worker for journal cache (/home/douglas/.gradle/caches/journal-1)" [_thread_blocked, id=6452, stack(0x00007fa5e73f8000,0x00007fa5e74f9000)]
  0x00000000024cc800 JavaThread "Cache worker for file hash cache (/home/douglas/Desktop/kotlin/CosturaCalcKotlin/.gradle/7.0.2/fileHashes)" [_thread_blocked, id=6454, stack(0x00007fa5e70f7000,0x00007fa5e71f8000)]
  0x000000000220b800 JavaThread "File watcher server" daemon [_thread_in_native, id=6455, stack(0x00007fa5e6ff6000,0x00007fa5e70f7000)]
  0x000000000229a000 JavaThread "File watcher consumer" daemon [_thread_blocked, id=6456, stack(0x00007fa5e6ef5000,0x00007fa5e6ff6000)]
  0x00000000024fb800 JavaThread "Cache worker for checksums cache (/home/douglas/Desktop/kotlin/CosturaCalcKotlin/.gradle/checksums)" [_thread_blocked, id=6457, stack(0x00007fa5e6bf4000,0x00007fa5e6cf5000)]
  0x000000000252d800 JavaThread "Cache worker for cache directory md-supplier (/home/douglas/.gradle/caches/7.0.2/md-supplier)" [_thread_blocked, id=6458, stack(0x00007fa5e6af3000,0x00007fa5e6bf4000)]
  0x00000000025e9800 JavaThread "Cache worker for cache directory md-rule (/home/douglas/.gradle/caches/7.0.2/md-rule)" [_thread_blocked, id=6460, stack(0x00007fa5e69f2000,0x00007fa5e6af3000)]
  0x0000000002498000 JavaThread "Cache worker for execution history cache (/home/douglas/.gradle/caches/7.0.2/executionHistory)" [_thread_blocked, id=6461, stack(0x00007fa5e66f1000,0x00007fa5e67f2000)]
  0x0000000002819800 JavaThread "jar transforms" [_thread_blocked, id=6462, stack(0x00007fa5e5ff0000,0x00007fa5e60f1000)]
  0x0000000002823800 JavaThread "Cache worker for file content cache (/home/douglas/.gradle/caches/7.0.2/fileContent)" [_thread_blocked, id=6463, stack(0x00007fa5e5cef000,0x00007fa5e5df0000)]
  0x0000000001fd3800 JavaThread "Cache worker for dependencies-accessors (/home/douglas/Desktop/kotlin/CosturaCalcKotlin/.gradle/7.0.2/dependencies-accessors)" [_thread_blocked, id=6464, stack(0x00007fa5e5bee000,0x00007fa5e5cef000)]
  0x0000000002c44800 JavaThread "Cache worker for Build Output Cleanup Cache (/home/douglas/Desktop/kotlin/CosturaCalcKotlin/.gradle/buildOutputCleanup)" [_thread_blocked, id=6465, stack(0x00007fa5e54ed000,0x00007fa5e55ee000)]
  0x0000000002b67800 JavaThread "Build operations" [_thread_blocked, id=6469, stack(0x00007fa5e51ec000,0x00007fa5e52ed000)]
  0x000000000354c800 JavaThread "Memory manager" [_thread_blocked, id=6470, stack(0x00007fa5e7bfc000,0x00007fa5e7cfd000)]
  0x000000000376f000 JavaThread "build event listener" [_thread_blocked, id=6472, stack(0x00007fa5e42eb000,0x00007fa5e43ec000)]
  0x0000000003cf5800 JavaThread "build event listener" [_thread_blocked, id=6476, stack(0x00007fa5e31ea000,0x00007fa5e32eb000)]
  0x0000000003852000 JavaThread "Cache worker for execution history cache (/home/douglas/Desktop/kotlin/CosturaCalcKotlin/.gradle/7.0.2/executionHistory)" [_thread_blocked, id=6477, stack(0x00007fa5e30e9000,0x00007fa5e31ea000)]
  0x0000000003eff000 JavaThread "WorkerExecutor Queue" [_thread_blocked, id=6501, stack(0x00007fa5e27e8000,0x00007fa5e28e9000)]
  0x00007fa5fc021000 JavaThread "WorkerExecutor Queue Thread 2" [_thread_blocked, id=6502, stack(0x00007fa5e26e7000,0x00007fa5e27e8000)]
  0x00007fa5f81fa000 
[error occurred during error reporting (printing all threads), id 0xb, SIGSEGV (0xb) at pc=0x00007fa61fd37f69]

VM state:at safepoint (normal execution)

VM Mutex/Monitor currently owned by a thread:  ([mutex/lock_event])
[0x00007fa618012f00] Threads_lock - owner thread: 0x00007fa618089800
[0x00007fa6180136e0] Heap_lock - owner thread: 0x00007fa5f81fa000

Heap address: 0x0000000080000000, size: 2048 MB, Compressed Oops mode: 32-bit
Narrow klass base: 0x0000000000000000, Narrow klass shift: 3
Compressed class space size: 1073741824 Address: 0x0000000100000000

Heap:
 def new generation   total 90496K, used 10048K [0x0000000080000000, 0x0000000086230000, 0x00000000aaaa0000)
  eden space 80448K,   0% used [0x0000000080000000, 0x0000000080000000, 0x0000000084e90000)
  from space 10048K, 100% used [0x0000000085860000, 0x0000000086230000, 0x0000000086230000)
  to   space 10048K,   0% used [0x0000000084e90000, 0x0000000084e90000, 0x0000000085860000)
 tenured generation   total 212428K, used 212331K [0x00000000aaaa0000, 0x00000000b7a13000, 0x0000000100000000)
   the space 212428K,  99% used [0x00000000aaaa0000, 0x00000000b79fac70, 0x00000000b75fd000, 0x00000000b7a13000)
 Metaspace       used 99800K, capacity 102250K, committed 102340K, reserved 1138688K
  class space    used 13015K, capacity 13930K, committed 13952K, reserved 1048576K

Card table byte_map: [0x00007fa61e4f9000,0x00007fa61e8fa000] _byte_map_base: 0x00007fa61e0f9000

Polling page: 0x00007fa620c9e000

Metaspace:

Usage:
  Non-class:     86,25 MB capacity,    84,75 MB ( 98%) used,     1,21 MB (  1%) free+waste,   294,75 KB ( <1%) overhead. 
      Class:     13,60 MB capacity,    12,71 MB ( 93%) used,   786,00 KB (  6%) free+waste,   128,75 KB ( <1%) overhead. 
       Both:     99,85 MB capacity,    97,46 MB ( 98%) used,     1,98 MB (  2%) free+waste,   423,50 KB ( <1%) overhead. 

Virtual space:
  Non-class space:       88,00 MB reserved,      86,32 MB ( 98%) committed 
      Class space:        1,00 GB reserved,      13,62 MB (  1%) committed 
             Both:        1,09 GB reserved,      99,94 MB (  9%) committed 

Chunk freelists:
   Non-Class:  44,00 KB
       Class:  22,00 KB
        Both:  66,00 KB

MaxMetaspaceSize: unlimited
CompressedClassSpaceSize: 1,00 GB

CodeHeap 'non-profiled nmethods': size=120036Kb used=5942Kb max_used=5942Kb free=114093Kb
 bounds [0x00007fa60cff9000, 0x00007fa60d5c9000, 0x00007fa614532000]
CodeHeap 'profiled nmethods': size=120032Kb used=24867Kb max_used=24867Kb free=95164Kb
 bounds [0x00007fa605ac1000, 0x00007fa607311000, 0x00007fa60cff9000]
CodeHeap 'non-nmethods': size=5692Kb used=2264Kb max_used=2314Kb free=3427Kb
 bounds [0x00007fa605532000, 0x00007fa6057a2000, 0x00007fa605ac1000]
 total_blobs=13512 nmethods=12606 adapters=818
 compilation: enabled
              stopped_count=0, restarted_count=0
 full_count=0

Compilation events (20 events):
Event: 251,049 Thread 0x00007fa6180ba800 13056       2       com.android.tools.r8.dex.m$$Lambda$1209/0x0000000100d97440::get$Lambda (11 bytes)
Event: 251,049 Thread 0x00007fa6180ba800 nmethod 13056 0x00007fa607305090 code [0x00007fa607305240, 0x00007fa6073053b0]
Event: 251,049 Thread 0x00007fa6180ba800 13057       2       com.android.tools.r8.dex.m$$Lambda$1209/0x0000000100d97440::<init> (20 bytes)
Event: 251,050 Thread 0x00007fa6180ba800 nmethod 13057 0x00007fa607305490 code [0x00007fa607305640, 0x00007fa607305770]
Event: 251,096 Thread 0x00007fa6180b8800 nmethod 13012 0x00007fa60d5c3e90 code [0x00007fa60d5c4080, 0x00007fa60d5c4398]
Event: 251,096 Thread 0x00007fa6180b8800 12951       4       com.android.tools.r8.graph.O::a (9 bytes)
Event: 251,137 Thread 0x00007fa6180b8800 nmethod 12951 0x00007fa60d5c4790 code [0x00007fa60d5c4940, 0x00007fa60d5c4ac8]
Event: 251,138 Thread 0x00007fa6180b8800 12956       4       com.android.tools.r8.graph.r::hashCode (15 bytes)
Event: 251,195 Thread 0x00007fa6180ba800 13058 %     3       com.android.tools.r8.naming.w$b::a @ 22 (88 bytes)
Event: 251,209 Thread 0x00007fa6180ba800 nmethod 13058% 0x00007fa607305810 code [0x00007fa607305ba0, 0x00007fa607307150]
Event: 251,217 Thread 0x00007fa6180ba800 13059       3       com.android.tools.r8.naming.w$b::a (88 bytes)
Event: 251,223 Thread 0x00007fa6180b8800 nmethod 12956 0x00007fa60d5c4d10 code [0x00007fa60d5c4ec0, 0x00007fa60d5c5308]
Event: 251,223 Thread 0x00007fa6180b8800 12985       4       com.android.tools.r8.graph.O::f0 (52 bytes)
Event: 251,235 Thread 0x00007fa6180ba800 nmethod 13059 0x00007fa607307b90 code [0x00007fa607307f20, 0x00007fa6073093b0]
Event: 251,246 Thread 0x00007fa6180b8800 nmethod 12985 0x00007fa60d5c5710 code [0x00007fa60d5c59e0, 0x00007fa60d5c5b98]
Event: 251,247 Thread 0x00007fa6180b8800 13060       4       java.lang.String::join (59 bytes)
Event: 251,336 Thread 0x00007fa6180b8800 nmethod 13060 0x00007fa60d5c5d10 code [0x00007fa60d5c5f00, 0x00007fa60d5c64a8]
Event: 251,336 Thread 0x00007fa6180b8800 13017       4       com.android.tools.r8.graph.T0::isEmpty (14 bytes)
Event: 251,345 Thread 0x00007fa6180b8800 nmethod 13017 0x00007fa60d5c6910 code [0x00007fa60d5c6aa0, 0x00007fa60d5c6b18]
Event: 251,345 Thread 0x00007fa6180b8800 12959       4       com.android.tools.r8.dex.o::a (11 bytes)

GC Heap History (20 events):
Event: 182,315 GC heap after
{Heap after GC invocations=42 (full 4):
 def new generation   total 48384K, used 4600K [0x0000000080000000, 0x0000000083470000, 0x00000000aaaa0000)
  eden space 43072K,   0% used [0x0000000080000000, 0x0000000080000000, 0x0000000082a10000)
  from space 5312K,  86% used [0x0000000082a10000, 0x0000000082e8e380, 0x0000000082f40000)
  to   space 5312K,   0% used [0x0000000082f40000, 0x0000000082f40000, 0x0000000083470000)
 tenured generation   total 107056K, used 70406K [0x00000000aaaa0000, 0x00000000b132c000, 0x0000000100000000)
   the space 107056K,  65% used [0x00000000aaaa0000, 0x00000000aef61a70, 0x00000000aef61c00, 0x00000000b132c000)
 Metaspace       used 84864K, capacity 86879K, committed 87108K, reserved 1124352K
  class space    used 10913K, capacity 11652K, committed 11776K, reserved 1048576K
}
Event: 186,087 GC heap before
{Heap before GC invocations=42 (full 4):
 def new generation   total 48384K, used 47672K [0x0000000080000000, 0x0000000083470000, 0x00000000aaaa0000)
  eden space 43072K, 100% used [0x0000000080000000, 0x0000000082a10000, 0x0000000082a10000)
  from space 5312K,  86% used [0x0000000082a10000, 0x0000000082e8e380, 0x0000000082f40000)
  to   space 5312K,   0% used [0x0000000082f40000, 0x0000000082f40000, 0x0000000083470000)
 tenured generation   total 107056K, used 70406K [0x00000000aaaa0000, 0x00000000b132c000, 0x0000000100000000)
   the space 107056K,  65% used [0x00000000aaaa0000, 0x00000000aef61a70, 0x00000000aef61c00, 0x00000000b132c000)
 Metaspace       used 87823K, capacity 89762K, committed 90052K, reserved 1128448K
  class space    used 11307K, capacity 12037K, committed 12160K, reserved 1048576K
}
Event: 186,199 GC heap after
{Heap after GC invocations=43 (full 4):
 def new generation   total 48384K, used 3322K [0x0000000080000000, 0x0000000083470000, 0x00000000aaaa0000)
  eden space 43072K,   0% used [0x0000000080000000, 0x0000000080000000, 0x0000000082a10000)
  from space 5312K,  62% used [0x0000000082f40000, 0x000000008327ea70, 0x0000000083470000)
  to   space 5312K,   0% used [0x0000000082a10000, 0x0000000082a10000, 0x0000000082f40000)
 tenured generation   total 107056K, used 72661K [0x00000000aaaa0000, 0x00000000b132c000, 0x0000000100000000)
   the space 107056K,  67% used [0x00000000aaaa0000, 0x00000000af195780, 0x00000000af195800, 0x00000000b132c000)
 Metaspace       used 87823K, capacity 89762K, committed 90052K, reserved 1128448K
  class space    used 11307K, capacity 12037K, committed 12160K, reserved 1048576K
}
Event: 192,747 GC heap before
{Heap before GC invocations=43 (full 4):
 def new generation   total 48384K, used 46394K [0x0000000080000000, 0x0000000083470000, 0x00000000aaaa0000)
  eden space 43072K, 100% used [0x0000000080000000, 0x0000000082a10000, 0x0000000082a10000)
  from space 5312K,  62% used [0x0000000082f40000, 0x000000008327ea70, 0x0000000083470000)
  to   space 5312K,   0% used [0x0000000082a10000, 0x0000000082a10000, 0x0000000082f40000)
 tenured generation   total 107056K, used 72661K [0x00000000aaaa0000, 0x00000000b132c000, 0x0000000100000000)
   the space 107056K,  67% used [0x00000000aaaa0000, 0x00000000af195780, 0x00000000af195800, 0x00000000b132c000)
 Metaspace       used 90286K, capacity 92362K, committed 92612K, reserved 1130496K
  class space    used 11586K, capacity 12346K, committed 12416K, reserved 1048576K
}
Event: 192,847 GC heap after
{Heap after GC invocations=44 (full 4):
 def new generation   total 48384K, used 4413K [0x0000000080000000, 0x0000000083470000, 0x00000000aaaa0000)
  eden space 43072K,   0% used [0x0000000080000000, 0x0000000080000000, 0x0000000082a10000)
  from space 5312K,  83% used [0x0000000082a10000, 0x0000000082e5f6d0, 0x0000000082f40000)
  to   space 5312K,   0% used [0x0000000082f40000, 0x0000000082f40000, 0x0000000083470000)
 tenured generation   total 107056K, used 74968K [0x00000000aaaa0000, 0x00000000b132c000, 0x0000000100000000)
   the space 107056K,  70% used [0x00000000aaaa0000, 0x00000000af3d6268, 0x00000000af3d6400, 0x00000000b132c000)
 Metaspace       used 90286K, capacity 92362K, committed 92612K, reserved 1130496K
  class space    used 11586K, capacity 12346K, committed 12416K, reserved 1048576K
}
Event: 198,902 GC heap before
{Heap before GC invocations=44 (full 4):
 def new generation   total 48384K, used 47485K [0x0000000080000000, 0x0000000083470000, 0x00000000aaaa0000)
  eden space 43072K, 100% used [0x0000000080000000, 0x0000000082a10000, 0x0000000082a10000)
  from space 5312K,  83% used [0x0000000082a10000, 0x0000000082e5f6d0, 0x0000000082f40000)
  to   space 5312K,   0% used [0x0000000082f40000, 0x0000000082f40000, 0x0000000083470000)
 tenured generation   total 107056K, used 74968K [0x00000000aaaa0000, 0x00000000b132c000, 0x0000000100000000)
   the space 107056K,  70% used [0x00000000aaaa0000, 0x00000000af3d6268, 0x00000000af3d6400, 0x00000000b132c000)
 Metaspace       used 91590K, capacity 93698K, committed 94020K, reserved 1130496K
  class space    used 11712K, capacity 12469K, committed 12544K, reserved 1048576K
}
Event: 199,011 GC heap after
{Heap after GC invocations=45 (full 4):
 def new generation   total 48384K, used 4870K [0x0000000080000000, 0x0000000083470000, 0x00000000aaaa0000)
  eden space 43072K,   0% used [0x0000000080000000, 0x0000000080000000, 0x0000000082a10000)
  from space 5312K,  91% used [0x0000000082f40000, 0x0000000083401990, 0x0000000083470000)
  to   space 5312K,   0% used [0x0000000082a10000, 0x0000000082a10000, 0x0000000082f40000)
 tenured generation   total 107056K, used 86598K [0x00000000aaaa0000, 0x00000000b132c000, 0x0000000100000000)
   the space 107056K,  80% used [0x00000000aaaa0000, 0x00000000aff31ba8, 0x00000000aff31c00, 0x00000000b132c000)
 Metaspace       used 91590K, capacity 93698K, committed 94020K, reserved 1130496K
  class space    used 11712K, capacity 12469K, committed 12544K, reserved 1048576K
}
Event: 202,257 GC heap before
{Heap before GC invocations=45 (full 4):
 def new generation   total 48384K, used 47942K [0x0000000080000000, 0x0000000083470000, 0x00000000aaaa0000)
  eden space 43072K, 100% used [0x0000000080000000, 0x0000000082a10000, 0x0000000082a10000)
  from space 5312K,  91% used [0x0000000082f40000, 0x0000000083401990, 0x0000000083470000)
  to   space 5312K,   0% used [0x0000000082a10000, 0x0000000082a10000, 0x0000000082f40000)
 tenured generation   total 107056K, used 86598K [0x00000000aaaa0000, 0x00000000b132c000, 0x0000000100000000)
   the space 107056K,  80% used [0x00000000aaaa0000, 0x00000000aff31ba8, 0x00000000aff31c00, 0x00000000b132c000)
 Metaspace       used 94027K, capacity 96144K, committed 96452K, reserved 1132544K
  class space    used 12068K, capacity 12817K, committed 12928K, reserved 1048576K
}
Event: 202,449 GC heap after
{Heap after GC invocations=46 (full 4):
 def new generation   total 48384K, used 5312K [0x0000000080000000, 0x0000000083470000, 0x00000000aaaa0000)
  eden space 43072K,   0% used [0x0000000080000000, 0x0000000080000000, 0x0000000082a10000)
  from space 5312K, 100% used [0x0000000082a10000, 0x0000000082f40000, 0x0000000082f40000)
  to   space 5312K,   0% used [0x0000000082f40000, 0x0000000082f40000, 0x0000000083470000)
 tenured generation   total 107056K, used 103662K [0x00000000aaaa0000, 0x00000000b132c000, 0x0000000100000000)
   the space 107056K,  96% used [0x00000000aaaa0000, 0x00000000b0fdb870, 0x00000000b0fdba00, 0x00000000b132c000)
 Metaspace       used 94027K, capacity 96144K, committed 96452K, reserved 1132544K
  class space    used 12068K, capacity 12817K, committed 12928K, reserved 1048576K
}
Event: 206,921 GC heap before
{Heap before GC invocations=46 (full 4):
 def new generation   total 48384K, used 48384K [0x0000000080000000, 0x0000000083470000, 0x00000000aaaa0000)
  eden space 43072K, 100% used [0x0000000080000000, 0x0000000082a10000, 0x0000000082a10000)
  from space 5312K, 100% used [0x0000000082a10000, 0x0000000082f40000, 0x0000000082f40000)
  to   space 5312K,   0% used [0x0000000082f40000, 0x0000000082f40000, 0x0000000083470000)
 tenured generation   total 107056K, used 103662K [0x00000000aaaa0000, 0x00000000b132c000, 0x0000000100000000)
   the space 107056K,  96% used [0x00000000aaaa0000, 0x00000000b0fdb870, 0x00000000b0fdba00, 0x00000000b132c000)
 Metaspace       used 96157K, capacity 98347K, committed 98756K, reserved 1134592K
  class space    used 12529K, capacity 13317K, committed 13440K, reserved 1048576K
}
Event: 208,635 GC heap after
{Heap after GC invocations=47 (full 5):
 def new generation   total 90496K, used 4756K [0x0000000080000000, 0x0000000086230000, 0x00000000aaaa0000)
  eden space 80448K,   5% used [0x0000000080000000, 0x00000000804a52e8, 0x0000000084e90000)
  from space 10048K,   0% used [0x0000000084e90000, 0x0000000084e90000, 0x0000000085860000)
  to   space 10048K,   0% used [0x0000000085860000, 0x0000000085860000, 0x0000000086230000)
 tenured generation   total 200708K, used 120422K [0x00000000aaaa0000, 0x00000000b6ea1000, 0x0000000100000000)
   the space 200708K,  59% used [0x00000000aaaa0000, 0x00000000b2039a20, 0x00000000b2039c00, 0x00000000b6ea1000)
 Metaspace       used 96157K, capacity 98347K, committed 98756K, reserved 1134592K
  class space    used 12529K, capacity 13317K, committed 13440K, reserved 1048576K
}
Event: 218,348 GC heap before
{Heap before GC invocations=47 (full 5):
 def new generation   total 90496K, used 80448K [0x0000000080000000, 0x0000000086230000, 0x00000000aaaa0000)
  eden space 80448K, 100% used [0x0000000080000000, 0x0000000084e90000, 0x0000000084e90000)
  from space 10048K,   0% used [0x0000000084e90000, 0x0000000084e90000, 0x0000000085860000)
  to   space 10048K,   0% used [0x0000000085860000, 0x0000000085860000, 0x0000000086230000)
 tenured generation   total 200708K, used 120422K [0x00000000aaaa0000, 0x00000000b6ea1000, 0x0000000100000000)
   the space 200708K,  59% used [0x00000000aaaa0000, 0x00000000b2039a20, 0x00000000b2039c00, 0x00000000b6ea1000)
 Metaspace       used 96323K, capacity 98485K, committed 98756K, reserved 1134592K
  class space    used 12529K, capacity 13317K, committed 13440K, reserved 1048576K
}
Event: 219,138 GC heap after
{Heap after GC invocations=48 (full 5):
 def new generation   total 90496K, used 10047K [0x0000000080000000, 0x0000000086230000, 0x00000000aaaa0000)
  eden space 80448K,   0% used [0x0000000080000000, 0x0000000080000000, 0x0000000084e90000)
  from space 10048K,  99% used [0x0000000085860000, 0x000000008622fff8, 0x0000000086230000)
  to   space 10048K,   0% used [0x0000000084e90000, 0x0000000084e90000, 0x0000000085860000)
 tenured generation   total 200708K, used 154160K [0x00000000aaaa0000, 0x00000000b6ea1000, 0x0000000100000000)
   the space 200708K,  76% used [0x00000000aaaa0000, 0x00000000b412c0f8, 0x00000000b412c200, 0x00000000b6ea1000)
 Metaspace       used 96323K, capacity 98485K, committed 98756K, reserved 1134592K
  class space    used 12529K, capacity 13317K, committed 13440K, reserved 1048576K
}
Event: 230,335 GC heap before
{Heap before GC invocations=48 (full 5):
 def new generation   total 90496K, used 90495K [0x0000000080000000, 0x0000000086230000, 0x00000000aaaa0000)
  eden space 80448K, 100% used [0x0000000080000000, 0x0000000084e90000, 0x0000000084e90000)
  from space 10048K,  99% used [0x0000000085860000, 0x000000008622fff8, 0x0000000086230000)
  to   space 10048K,   0% used [0x0000000084e90000, 0x0000000084e90000, 0x0000000085860000)
 tenured generation   total 200708K, used 154160K [0x00000000aaaa0000, 0x00000000b6ea1000, 0x0000000100000000)
   the space 200708K,  76% used [0x00000000aaaa0000, 0x00000000b412c0f8, 0x00000000b412c200, 0x00000000b6ea1000)
 Metaspace       used 98775K, capacity 101206K, committed 101444K, reserved 1136640K
  class space    used 12904K, capacity 13790K, committed 13824K, reserved 1048576K
}
Event: 230,896 GC heap after
{Heap after GC invocations=49 (full 5):
 def new generation   total 90496K, used 10048K [0x0000000080000000, 0x0000000086230000, 0x00000000aaaa0000)
  eden space 80448K,   0% used [0x0000000080000000, 0x0000000080000000, 0x0000000084e90000)
  from space 10048K, 100% used [0x0000000084e90000, 0x0000000085860000, 0x0000000085860000)
  to   space 10048K,   0% used [0x0000000085860000, 0x0000000085860000, 0x0000000086230000)
 tenured generation   total 200708K, used 177870K [0x00000000aaaa0000, 0x00000000b6ea1000, 0x0000000100000000)
   the space 200708K,  88% used [0x00000000aaaa0000, 0x00000000b5853bf0, 0x00000000b5853c00, 0x00000000b6ea1000)
 Metaspace       used 98775K, capacity 101206K, committed 101444K, reserved 1136640K
  class space    used 12904K, capacity 13790K, committed 13824K, reserved 1048576K
}
Event: 238,667 GC heap before
{Heap before GC invocations=49 (full 5):
 def new generation   total 90496K, used 90496K [0x0000000080000000, 0x0000000086230000, 0x00000000aaaa0000)
  eden space 80448K, 100% used [0x0000000080000000, 0x0000000084e90000, 0x0000000084e90000)
  from space 10048K, 100% used [0x0000000084e90000, 0x0000000085860000, 0x0000000085860000)
  to   space 10048K,   0% used [0x0000000085860000, 0x0000000085860000, 0x0000000086230000)
 tenured generation   total 200708K, used 177870K [0x00000000aaaa0000, 0x00000000b6ea1000, 0x0000000100000000)
   the space 200708K,  88% used [0x00000000aaaa0000, 0x00000000b5853bf0, 0x00000000b5853c00, 0x00000000b6ea1000)
 Metaspace       used 99316K, capacity 101771K, committed 102084K, reserved 1138688K
  class space    used 12964K, capacity 13862K, committed 13952K, reserved 1048576K
}
Event: 238,938 GC heap after
{Heap after GC invocations=50 (full 5):
 def new generation   total 90496K, used 7615K [0x0000000080000000, 0x0000000086230000, 0x00000000aaaa0000)
  eden space 80448K,   0% used [0x0000000080000000, 0x0000000080000000, 0x0000000084e90000)
  from space 10048K,  75% used [0x0000000085860000, 0x0000000085fcff20, 0x0000000086230000)
  to   space 10048K,   0% used [0x0000000084e90000, 0x0000000084e90000, 0x0000000085860000)
 tenured generation   total 200708K, used 187567K [0x00000000aaaa0000, 0x00000000b6ea1000, 0x0000000100000000)
   the space 200708K,  93% used [0x00000000aaaa0000, 0x00000000b61cbe50, 0x00000000b61cc000, 0x00000000b6ea1000)
 Metaspace       used 99316K, capacity 101771K, committed 102084K, reserved 1138688K
  class space    used 12964K, capacity 13862K, committed 13952K, reserved 1048576K
}
Event: 248,558 GC heap before
{Heap before GC invocations=50 (full 5):
 def new generation   total 90496K, used 88063K [0x0000000080000000, 0x0000000086230000, 0x00000000aaaa0000)
  eden space 80448K, 100% used [0x0000000080000000, 0x0000000084e90000, 0x0000000084e90000)
  from space 10048K,  75% used [0x0000000085860000, 0x0000000085fcff20, 0x0000000086230000)
  to   space 10048K,   0% used [0x0000000084e90000, 0x0000000084e90000, 0x0000000085860000)
 tenured generation   total 200708K, used 187567K [0x00000000aaaa0000, 0x00000000b6ea1000, 0x0000000100000000)
   the space 200708K,  93% used [0x00000000aaaa0000, 0x00000000b61cbe50, 0x00000000b61cc000, 0x00000000b6ea1000)
 Metaspace       used 99661K, capacity 102061K, committed 102340K, reserved 1138688K
  class space    used 12998K, capacity 13891K, committed 13952K, reserved 1048576K
}
Event: 248,763 GC heap after
{Heap after GC invocations=51 (full 5):
 def new generation   total 90496K, used 10047K [0x0000000080000000, 0x0000000086230000, 0x00000000aaaa0000)
  eden space 80448K,   0% used [0x0000000080000000, 0x0000000080000000, 0x0000000084e90000)
  from space 10048K,  99% used [0x0000000084e90000, 0x000000008585fff0, 0x0000000085860000)
  to   space 10048K,   0% used [0x0000000085860000, 0x0000000085860000, 0x0000000086230000)
 tenured generation   total 200708K, used 196099K [0x00000000aaaa0000, 0x00000000b6ea1000, 0x0000000100000000)
   the space 200708K,  97% used [0x00000000aaaa0000, 0x00000000b6a20d28, 0x00000000b6a20e00, 0x00000000b6ea1000)
 Metaspace       used 99661K, capacity 102061K, committed 102340K, reserved 1138688K
  class space    used 12998K, capacity 13891K, committed 13952K, reserved 1048576K
}
Event: 251,585 GC heap before
{Heap before GC invocations=51 (full 5):
 def new generation   total 90496K, used 90495K [0x0000000080000000, 0x0000000086230000, 0x00000000aaaa0000)
  eden space 80448K, 100% used [0x0000000080000000, 0x0000000084e90000, 0x0000000084e90000)
  from space 10048K,  99% used [0x0000000084e90000, 0x000000008585fff0, 0x0000000085860000)
  to   space 10048K,   0% used [0x0000000085860000, 0x0000000085860000, 0x0000000086230000)
 tenured generation   total 200708K, used 196099K [0x00000000aaaa0000, 0x00000000b6ea1000, 0x0000000100000000)
   the space 200708K,  97% used [0x00000000aaaa0000, 0x00000000b6a20d28, 0x00000000b6a20e00, 0x00000000b6ea1000)
 Metaspace       used 99800K, capacity 102250K, committed 102340K, reserved 1138688K
  class space    used 13015K, capacity 13930K, committed 13952K, reserved 1048576K
}

Deoptimization events (20 events):
Event: 249,689 Thread 0x00007fa5f81fa000 DEOPT PACKING pc=0x00007fa60d5a6bbc sp=0x00007fa5e24e4e80
Event: 249,689 Thread 0x00007fa5f81fa000 DEOPT UNPACKING pc=0x00007fa60555739f sp=0x00007fa5e24e4e68 mode 2
Event: 249,689 Thread 0x00007fa5f81fa000 Uncommon trap: trap_request=0xffffff4d fr.pc=0x00007fa60d5b489c relative=0x00000000000003fc
Event: 249,689 Thread 0x00007fa5f81fa000 Uncommon trap: reason=unstable_if action=reinterpret pc=0x00007fa60d5b489c method=com.android.tools.r8.internal.Vt.a(Ljava/lang/Object;I)I @ 130 c2
Event: 249,689 Thread 0x00007fa5f81fa000 DEOPT PACKING pc=0x00007fa60d5b489c sp=0x00007fa5e24e51a0
Event: 249,689 Thread 0x00007fa5f81fa000 DEOPT UNPACKING pc=0x00007fa60555739f sp=0x00007fa5e24e5160 mode 2
Event: 249,893 Thread 0x00007fa5f81fa000 DEOPT PACKING pc=0x00007fa6072da154 sp=0x00007fa5e24e5190
Event: 249,893 Thread 0x00007fa5f81fa000 DEOPT UNPACKING pc=0x00007fa6055571ab sp=0x00007fa5e24e4750 mode 0
Event: 250,418 Thread 0x00007fa5f81fa000 Uncommon trap: trap_request=0xffffff7e fr.pc=0x00007fa60d54f288 relative=0x0000000000000328
Event: 250,418 Thread 0x00007fa5f81fa000 Uncommon trap: reason=predicate action=maybe_recompile pc=0x00007fa60d54f288 method=com.android.tools.r8.internal.gr.f(Ljava/util/function/Function;)Lcom/android/tools/r8/internal/GF; @ 60 c2
Event: 250,418 Thread 0x00007fa5f81fa000 DEOPT PACKING pc=0x00007fa60d54f288 sp=0x00007fa5e24e5020
Event: 250,418 Thread 0x00007fa5f81fa000 DEOPT UNPACKING pc=0x00007fa60555739f sp=0x00007fa5e24e4fe8 mode 2
Event: 250,598 Thread 0x00007fa5f81fa000 Uncommon trap: trap_request=0xffffff4d fr.pc=0x00007fa60d5bf6c0 relative=0x0000000000000420
Event: 250,598 Thread 0x00007fa5f81fa000 Uncommon trap: reason=unstable_if action=reinterpret pc=0x00007fa60d5bf6c0 method=com.android.tools.r8.internal.GF.a()Z @ 4 c2
Event: 250,598 Thread 0x00007fa5f81fa000 DEOPT PACKING pc=0x00007fa60d5bf6c0 sp=0x00007fa5e24e4f40
Event: 250,598 Thread 0x00007fa5f81fa000 DEOPT UNPACKING pc=0x00007fa60555739f sp=0x00007fa5e24e4e98 mode 2
Event: 250,636 Thread 0x00007fa5f81fa000 DEOPT PACKING pc=0x00007fa6072d70bd sp=0x00007fa5e24e5100
Event: 250,636 Thread 0x00007fa5f81fa000 DEOPT UNPACKING pc=0x00007fa6055571ab sp=0x00007fa5e24e4620 mode 0
Event: 250,706 Thread 0x00007fa5f81fa000 DEOPT PACKING pc=0x00007fa6072f104a sp=0x00007fa5e24e50c0
Event: 250,706 Thread 0x00007fa5f81fa000 DEOPT UNPACKING pc=0x00007fa6055571ab sp=0x00007fa5e24e46a8 mode 0

Classes redefined (0 events):
No events

Internal exceptions (20 events):
Event: 205,568 Thread 0x00007fa5f81fa000 Exception <a 'java/lang/IncompatibleClassChangeError'{0x000000008273d900}: Found class java.lang.Object, but interface was expected> (0x000000008273d900) thrown at [src/hotspot/share/interpreter/linkResolver.cpp, line 839]
Event: 205,579 Thread 0x00007fa5f81fa000 Exception <a 'java/lang/IncompatibleClassChangeError'{0x0000000082744fd8}: Found class java.lang.Object, but interface was expected> (0x0000000082744fd8) thrown at [src/hotspot/share/interpreter/linkResolver.cpp, line 839]
Event: 208,641 Thread 0x000000000354c800 Exception <a 'java/io/IOException'{0x00000000804a5658}> (0x00000000804a5658) thrown at [src/hotspot/share/prims/jni.cpp, line 615]
Event: 213,144 Thread 0x000000000354c800 Exception <a 'java/io/IOException'{0x00000000804ac9a0}> (0x00000000804ac9a0) thrown at [src/hotspot/share/prims/jni.cpp, line 615]
Event: 218,144 Thread 0x000000000354c800 Exception <a 'java/io/IOException'{0x0000000084cc0ec8}> (0x0000000084cc0ec8) thrown at [src/hotspot/share/prims/jni.cpp, line 615]
Event: 222,596 Thread 0x00007fa5fc021000 Exception <a 'java/lang/NoSuchMethodError'{0x00000000822fc7d8}: 'int java.lang.invoke.DirectMethodHandle$Holder.invokeVirtual(java.lang.Object, java.lang.Object, java.lang.Object, java.lang.Object)'> (0x00000000822fc7d8) thrown at [src/hotspot/share/interpreter/linkResolver.cpp, line 773]
Event: 223,056 Thread 0x00007fa5fc021000 Exception <a 'java/lang/NoSuchMethodError'{0x000000008249be60}: 'void java.lang.invoke.DirectMethodHandle$Holder.invokeStatic(java.lang.Object, java.lang.Object, java.lang.Object, int)'> (0x000000008249be60) thrown at [src/hotspot/share/interpreter/linkResolver.cpp, line 773]
Event: 223,068 Thread 0x00007fa5fc021000 Exception <a 'java/lang/IncompatibleClassChangeError'{0x00000000824a3ea0}: Found class java.lang.Object, but interface was expected> (0x00000000824a3ea0) thrown at [src/hotspot/share/interpreter/linkResolver.cpp, line 839]
Event: 223,143 Thread 0x000000000354c800 Exception <a 'java/io/IOException'{0x00000000824e5710}> (0x00000000824e5710) thrown at [src/hotspot/share/prims/jni.cpp, line 615]
Event: 228,145 Thread 0x000000000354c800 Exception <a 'java/io/IOException'{0x00000000824eca58}> (0x00000000824eca58) thrown at [src/hotspot/share/prims/jni.cpp, line 615]
Event: 229,085 Thread 0x00007fa5fc021000 Exception <a 'java/lang/NoSuchMethodError'{0x0000000084382578}: 'java.lang.Object java.lang.invoke.Invokers$Holder.linkToTargetMethod(java.lang.Object, int, java.lang.Object, java.lang.Object, java.lang.Object, java.lang.Object)'> (0x0000000084382578) thrown at [src/hotspot/share/interpreter/linkResolver.cpp, line 773]
Event: 229,086 Thread 0x00007fa5fc021000 Exception <a 'java/lang/NoSuchMethodError'{0x0000000084386230}: 'void java.lang.invoke.DirectMethodHandle$Holder.invokeSpecial(java.lang.Object, java.lang.Object, java.lang.Object, java.lang.Object, java.lang.Object, java.lang.Object, java.lang.Object, java.lang.Object, java.lang.Object)'> (0x0000000084386230) thrown at [src/hotspot/share/interpreter/linkResolver.cpp, line 773]
Event: 229,096 Thread 0x00007fa5fc021000 Exception <a 'java/lang/NoSuchMethodError'{0x000000008438f428}: 'java.lang.Object java.lang.invoke.Invokers$Holder.linkToTargetMethod(java.lang.Object, java.lang.Object, java.lang.Object, java.lang.Object, java.lang.Object, java.lang.Object, java.lang.Object)'> (0x000000008438f428) thrown at [src/hotspot/share/interpreter/linkResolver.cpp, line 773]
Event: 229,153 Thread 0x00007fa5fc021000 Exception <a 'java/lang/IncompatibleClassChangeError'{0x00000000843b5358}: Found class java.lang.Object, but interface was expected> (0x00000000843b5358) thrown at [src/hotspot/share/interpreter/linkResolver.cpp, line 839]
Event: 229,452 Thread 0x00007fa5fc021000 Exception <a 'java/lang/NoSuchMethodError'{0x00000000844a2ce8}: 'void java.lang.invoke.DirectMethodHandle$Holder.invokeStatic(java.lang.Object, java.lang.Object, java.lang.Object, java.lang.Object, java.lang.Object, java.lang.Object, java.lang.Object, java.lang.Object)'> (0x00000000844a2ce8) thrown at [src/hotspot/share/interpreter/linkResolver.cpp, line 773]
Event: 233,148 Thread 0x000000000354c800 Exception <a 'java/io/IOException'{0x00000000818be108}> (0x00000000818be108) thrown at [src/hotspot/share/prims/jni.cpp, line 615]
Event: 238,146 Thread 0x000000000354c800 Exception <a 'java/io/IOException'{0x00000000818c5450}> (0x00000000818c5450) thrown at [src/hotspot/share/prims/jni.cpp, line 615]
Event: 242,503 Thread 0x00007fa5fc021000 Exception <a 'java/lang/IncompatibleClassChangeError'{0x00000000825d7e00}: Found class java.lang.Object, but interface was expected> (0x00000000825d7e00) thrown at [src/hotspot/share/interpreter/linkResolver.cpp, line 839]
Event: 243,146 Thread 0x000000000354c800 Exception <a 'java/io/IOException'{0x0000000082b98368}> (0x0000000082b98368) thrown at [src/hotspot/share/prims/jni.cpp, line 615]
Event: 248,145 Thread 0x000000000354c800 Exception <a 'java/io/IOException'{0x0000000082b9f6b0}> (0x0000000082b9f6b0) thrown at [src/hotspot/share/prims/jni.cpp, line 615]

Events (20 events):
Event: 250,418 loading class com/android/tools/r8/graph/P done
Event: 250,418 loading class com/android/tools/r8/graph/s
Event: 250,418 loading class com/android/tools/r8/graph/s done
Event: 250,419 loading class com/android/tools/r8/graph/O
Event: 250,419 loading class com/android/tools/r8/graph/O done
Event: 250,924 loading class com/android/tools/r8/dex/n
Event: 250,924 loading class com/android/tools/r8/dex/n done
Event: 250,926 loading class com/android/tools/r8/graph/V0
Event: 250,926 loading class com/android/tools/r8/graph/V0 done
Event: 250,926 loading class com/android/tools/r8/dex/m
Event: 250,926 loading class com/android/tools/r8/dex/m done
Event: 250,933 loading class com/android/tools/r8/internal/Jw
Event: 250,933 loading class com/android/tools/r8/internal/Jw done
Event: 250,934 loading class com/android/tools/r8/naming/w$b
Event: 250,934 loading class com/android/tools/r8/naming/w$b done
Event: 250,961 loading class com/android/tools/r8/naming/w$c
Event: 250,961 loading class com/android/tools/r8/naming/w$c done
Event: 250,963 loading class com/android/tools/r8/naming/w
Event: 250,963 loading class com/android/tools/r8/naming/w done
Event: 251,585 Executing VM operation: GenCollectForAllocation


Dynamic libraries:
00400000-00401000 r-xp 00000000 08:05 394943                             /home/douglas/.local/share/JetBrains/Toolbox/apps/AndroidStudio/ch-0/203.7935034/jre/bin/java
00600000-00601000 r--p 00000000 08:05 394943                             /home/douglas/.local/share/JetBrains/Toolbox/apps/AndroidStudio/ch-0/203.7935034/jre/bin/java
00601000-00602000 rw-p 00001000 08:05 394943                             /home/douglas/.local/share/JetBrains/Toolbox/apps/AndroidStudio/ch-0/203.7935034/jre/bin/java
01f79000-03ffa000 rw-p 00000000 00:00 0                                  [heap]
80000000-86230000 rw-p 00000000 00:00 0 
86230000-aaaa0000 ---p 00000000 00:00 0 
aaaa0000-b7a13000 rw-p 00000000 00:00 0 
b7a13000-100000000 ---p 00000000 00:00 0 
100000000-100da0000 rw-p 00000000 00:00 0 
100da0000-140000000 ---p 00000000 00:00 0 
7fa5e1de6000-7fa5e1e66000 rw-p 00000000 00:00 0 
7fa5e1e66000-7fa5e1fe6000 ---p 00000000 00:00 0 
7fa5e1fe6000-7fa5e21e6000 rw-p 00000000 00:00 0 
7fa5e21e6000-7fa5e23e6000 rw-p 00000000 00:00 0 
7fa5e23e6000-7fa5e23ea000 ---p 00000000 00:00 0 
7fa5e23ea000-7fa5e26e7000 rw-p 00000000 00:00 0 
7fa5e26e7000-7fa5e26eb000 ---p 00000000 00:00 0 
7fa5e26eb000-7fa5e27e8000 rw-p 00000000 00:00 0 
7fa5e27e8000-7fa5e27ec000 ---p 00000000 00:00 0 
7fa5e27ec000-7fa5e2ae9000 rw-p 00000000 00:00 0 
7fa5e2ae9000-7fa5e2ce9000 rw-p 00000000 00:00 0 
7fa5e2ce9000-7fa5e2ee9000 rw-p 00000000 00:00 0 
7fa5e2ee9000-7fa5e30e9000 rw-p 00000000 00:00 0 
7fa5e30e9000-7fa5e30ed000 ---p 00000000 00:00 0 
7fa5e30ed000-7fa5e31ea000 rw-p 00000000 00:00 0 
7fa5e31ea000-7fa5e31ee000 ---p 00000000 00:00 0 
7fa5e31ee000-7fa5e34d2000 rw-p 00000000 00:00 0 
7fa5e34d2000-7fa5e34eb000 ---p 00000000 00:00 0 
7fa5e34eb000-7fa5e36eb000 rw-p 00000000 00:00 0 
7fa5e36eb000-7fa5e38eb000 rw-p 00000000 00:00 0 
7fa5e38eb000-7fa5e3aeb000 rw-p 00000000 00:00 0 
7fa5e3aeb000-7fa5e3ceb000 rw-p 00000000 00:00 0 
7fa5e3ceb000-7fa5e3eeb000 rw-p 00000000 00:00 0 
7fa5e3eeb000-7fa5e40eb000 rw-p 00000000 00:00 0 
7fa5e40eb000-7fa5e42eb000 rw-p 00000000 00:00 0 
7fa5e42eb000-7fa5e42ef000 ---p 00000000 00:00 0 
7fa5e42ef000-7fa5e45ec000 rw-p 00000000 00:00 0 
7fa5e45ec000-7fa5e47ec000 rw-p 00000000 00:00 0 
7fa5e47ec000-7fa5e49ec000 rw-p 00000000 00:00 0 
7fa5e49ec000-7fa5e4bec000 rw-p 00000000 00:00 0 
7fa5e4bec000-7fa5e4dec000 rw-p 00000000 00:00 0 
7fa5e4dec000-7fa5e4fec000 rw-p 00000000 00:00 0 
7fa5e4fec000-7fa5e51ec000 rw-p 00000000 00:00 0 
7fa5e51ec000-7fa5e51f0000 ---p 00000000 00:00 0 
7fa5e51f0000-7fa5e54ed000 rw-p 00000000 00:00 0 
7fa5e54ed000-7fa5e54f1000 ---p 00000000 00:00 0 
7fa5e54f1000-7fa5e57ee000 rw-p 00000000 00:00 0 
7fa5e57ee000-7fa5e59ee000 rw-p 00000000 00:00 0 
7fa5e59ee000-7fa5e5bee000 rw-p 00000000 00:00 0 
7fa5e5bee000-7fa5e5bf2000 ---p 00000000 00:00 0 
7fa5e5bf2000-7fa5e5cef000 rw-p 00000000 00:00 0 
7fa5e5cef000-7fa5e5cf3000 ---p 00000000 00:00 0 
7fa5e5cf3000-7fa5e5ff0000 rw-p 00000000 00:00 0 
7fa5e5ff0000-7fa5e5ff4000 ---p 00000000 00:00 0 
7fa5e5ff4000-7fa5e62f1000 rw-p 00000000 00:00 0 
7fa5e62f1000-7fa5e64ef000 rw-p 00000000 00:00 0 
7fa5e64ef000-7fa5e64f1000 ---p 00000000 00:00 0 
7fa5e64f1000-7fa5e66f1000 rw-p 00000000 00:00 0 
7fa5e66f1000-7fa5e66f5000 ---p 00000000 00:00 0 
7fa5e66f5000-7fa5e69f2000 rw-p 00000000 00:00 0 
7fa5e69f2000-7fa5e69f6000 ---p 00000000 00:00 0 
7fa5e69f6000-7fa5e6af3000 rw-p 00000000 00:00 0 
7fa5e6af3000-7fa5e6af7000 ---p 00000000 00:00 0 
7fa5e6af7000-7fa5e6bf4000 rw-p 00000000 00:00 0 
7fa5e6bf4000-7fa5e6bf8000 ---p 00000000 00:00 0 
7fa5e6bf8000-7fa5e6ef5000 rw-p 00000000 00:00 0 
7fa5e6ef5000-7fa5e6ef9000 ---p 00000000 00:00 0 
7fa5e6ef9000-7fa5e6ff6000 rw-p 00000000 00:00 0 
7fa5e6ff6000-7fa5e6ffa000 ---p 00000000 00:00 0 
7fa5e6ffa000-7fa5e70f7000 rw-p 00000000 00:00 0 
7fa5e70f7000-7fa5e70fb000 ---p 00000000 00:00 0 
7fa5e70fb000-7fa5e73f8000 rw-p 00000000 00:00 0 
7fa5e73f8000-7fa5e73fc000 ---p 00000000 00:00 0 
7fa5e73fc000-7fa5e76e5000 rw-p 00000000 00:00 0 
7fa5e76e5000-7fa5e76f9000 ---p 00000000 00:00 0 
7fa5e76f9000-7fa5e76fd000 ---p 00000000 00:00 0 
7fa5e76fd000-7fa5e77fa000 rw-p 00000000 00:00 0 
7fa5e77fa000-7fa5e77fe000 ---p 00000000 00:00 0 
7fa5e77fe000-7fa5e7afb000 rw-p 00000000 00:00 0 
7fa5e7afb000-7fa5e7aff000 ---p 00000000 00:00 0 
7fa5e7aff000-7fa5e7bfc000 rw-p 00000000 00:00 0 
7fa5e7bfc000-7fa5e7c00000 ---p 00000000 00:00 0 
7fa5e7c00000-7fa5e7cfd000 rw-p 00000000 00:00 0 
7fa5e7cfd000-7fa5e7d01000 ---p 00000000 00:00 0 
7fa5e7d01000-7fa5e7dfe000 rw-p 00000000 00:00 0 
7fa5e7dfe000-7fa5e7e02000 ---p 00000000 00:00 0 
7fa5e7e02000-7fa5e7eff000 rw-p 00000000 00:00 0 
7fa5e7eff000-7fa5e7f03000 ---p 00000000 00:00 0 
7fa5e7f03000-7fa5e8000000 rw-p 00000000 00:00 0 
7fa5e8000000-7fa5eaeba000 rw-p 00000000 00:00 0 
7fa5eaeba000-7fa5ec000000 ---p 00000000 00:00 0 
7fa5ec000000-7fa5ecd48000 rw-p 00000000 00:00 0 
7fa5ecd48000-7fa5f0000000 ---p 00000000 00:00 0 
7fa5f0000000-7fa5f00a0000 rw-p 00000000 00:00 0 
7fa5f00a0000-7fa5f4000000 ---p 00000000 00:00 0 
7fa5f4000000-7fa5f4041000 rw-p 00000000 00:00 0 
7fa5f4041000-7fa5f8000000 ---p 00000000 00:00 0 
7fa5f8000000-7fa5f83a4000 rw-p 00000000 00:00 0 
7fa5f83a4000-7fa5fc000000 ---p 00000000 00:00 0 
7fa5fc000000-7fa5fc041000 rw-p 00000000 00:00 0 
7fa5fc041000-7fa600000000 ---p 00000000 00:00 0 
7fa600000000-7fa600696000 rw-p 00000000 00:00 0 
7fa600696000-7fa604000000 ---p 00000000 00:00 0 
7fa60403d000-7fa604041000 ---p 00000000 00:00 0 
7fa604041000-7fa60413e000 rw-p 00000000 00:00 0 
7fa60413e000-7fa604142000 ---p 00000000 00:00 0 
7fa604142000-7fa60443f000 rw-p 00000000 00:00 0 
7fa60443f000-7fa604443000 ---p 00000000 00:00 0 
7fa604443000-7fa604540000 rw-p 00000000 00:00 0 
7fa604540000-7fa604544000 ---p 00000000 00:00 0 
7fa604544000-7fa604641000 rw-p 00000000 00:00 0 
7fa604641000-7fa604643000 r-xp 00000000 08:05 394852                     /home/douglas/.local/share/JetBrains/Toolbox/apps/AndroidStudio/ch-0/203.7935034/jre/lib/libextnet.so
7fa604643000-7fa604842000 ---p 00002000 08:05 394852                     /home/douglas/.local/share/JetBrains/Toolbox/apps/AndroidStudio/ch-0/203.7935034/jre/lib/libextnet.so
7fa604842000-7fa604843000 r--p 00001000 08:05 394852                     /home/douglas/.local/share/JetBrains/Toolbox/apps/AndroidStudio/ch-0/203.7935034/jre/lib/libextnet.so
7fa604843000-7fa604844000 rw-p 00002000 08:05 394852                     /home/douglas/.local/share/JetBrains/Toolbox/apps/AndroidStudio/ch-0/203.7935034/jre/lib/libextnet.so
7fa604844000-7fa604a44000 rw-p 00000000 00:00 0 
7fa604a44000-7fa604a48000 ---p 00000000 00:00 0 
7fa604a48000-7fa604b45000 rw-p 00000000 00:00 0 
7fa604b45000-7fa604b4a000 r-xp 00000000 08:05 394906                     /home/douglas/.local/share/JetBrains/Toolbox/apps/AndroidStudio/ch-0/203.7935034/jre/lib/libmanagement_ext.so
7fa604b4a000-7fa604d49000 ---p 00005000 08:05 394906                     /home/douglas/.local/share/JetBrains/Toolbox/apps/AndroidStudio/ch-0/203.7935034/jre/lib/libmanagement_ext.so
7fa604d49000-7fa604d4a000 r--p 00004000 08:05 394906                     /home/douglas/.local/share/JetBrains/Toolbox/apps/AndroidStudio/ch-0/203.7935034/jre/lib/libmanagement_ext.so
7fa604d4a000-7fa604d4b000 rw-p 00005000 08:05 394906                     /home/douglas/.local/share/JetBrains/Toolbox/apps/AndroidStudio/ch-0/203.7935034/jre/lib/libmanagement_ext.so
7fa604d4b000-7fa604d4f000 r-xp 00000000 08:05 394845                     /home/douglas/.local/share/JetBrains/Toolbox/apps/AndroidStudio/ch-0/203.7935034/jre/lib/libmanagement.so
7fa604d4f000-7fa604f4e000 ---p 00004000 08:05 394845                     /home/douglas/.local/share/JetBrains/Toolbox/apps/AndroidStudio/ch-0/203.7935034/jre/lib/libmanagement.so
7fa604f4e000-7fa604f4f000 r--p 00003000 08:05 394845                     /home/douglas/.local/share/JetBrains/Toolbox/apps/AndroidStudio/ch-0/203.7935034/jre/lib/libmanagement.so
7fa604f4f000-7fa604f50000 rw-p 00004000 08:05 394845                     /home/douglas/.local/share/JetBrains/Toolbox/apps/AndroidStudio/ch-0/203.7935034/jre/lib/libmanagement.so
7fa604f50000-7fa605150000 rw-p 00000000 00:00 0 
7fa605150000-7fa605350000 rw-p 00000000 00:00 0 
7fa605350000-7fa6053e6000 r--p 00000000 08:05 9439219                    /usr/lib/x86_64-linux-gnu/libstdc++.so.6.0.28
7fa6053e6000-7fa6054d7000 r-xp 00096000 08:05 9439219                    /usr/lib/x86_64-linux-gnu/libstdc++.so.6.0.28
7fa6054d7000-7fa605520000 r--p 00187000 08:05 9439219                    /usr/lib/x86_64-linux-gnu/libstdc++.so.6.0.28
7fa605520000-7fa605521000 ---p 001d0000 08:05 9439219                    /usr/lib/x86_64-linux-gnu/libstdc++.so.6.0.28
7fa605521000-7fa60552c000 r--p 001d0000 08:05 9439219                    /usr/lib/x86_64-linux-gnu/libstdc++.so.6.0.28
7fa60552c000-7fa60552f000 rw-p 001db000 08:05 9439219                    /usr/lib/x86_64-linux-gnu/libstdc++.so.6.0.28
7fa60552f000-7fa605532000 rw-p 00000000 00:00 0 
7fa605532000-7fa6057a2000 rwxp 00000000 00:00 0 
7fa6057a2000-7fa605ac1000 ---p 00000000 00:00 0 
7fa605ac1000-7fa607311000 rwxp 00000000 00:00 0 
7fa607311000-7fa60cff9000 ---p 00000000 00:00 0 
7fa60cff9000-7fa60d5c9000 rwxp 00000000 00:00 0 
7fa60d5c9000-7fa614532000 ---p 00000000 00:00 0 
7fa614532000-7fa618000000 r--s 00000000 08:05 394924                     /home/douglas/.local/share/JetBrains/Toolbox/apps/AndroidStudio/ch-0/203.7935034/jre/lib/modules
7fa618000000-7fa619344000 rw-p 00000000 00:00 0 
7fa619344000-7fa61c000000 ---p 00000000 00:00 0 
7fa61c0a5000-7fa61c0a8000 r--p 00000000 08:05 9439223                    /usr/lib/x86_64-linux-gnu/libgcc_s.so.1
7fa61c0a8000-7fa61c0ba000 r-xp 00003000 08:05 9439223                    /usr/lib/x86_64-linux-gnu/libgcc_s.so.1
7fa61c0ba000-7fa61c0be000 r--p 00015000 08:05 9439223                    /usr/lib/x86_64-linux-gnu/libgcc_s.so.1
7fa61c0be000-7fa61c0bf000 r--p 00018000 08:05 9439223                    /usr/lib/x86_64-linux-gnu/libgcc_s.so.1
7fa61c0bf000-7fa61c0c0000 rw-p 00019000 08:05 9439223                    /usr/lib/x86_64-linux-gnu/libgcc_s.so.1
7fa61c0d3000-7fa61c0da000 r--s 00000000 08:05 10230964                   /usr/lib/x86_64-linux-gnu/gconv/gconv-modules.cache
7fa61c0da000-7fa61c12b000 r-xp 00000000 08:05 15076880                   /home/douglas/.gradle/native/53dbd7edfb1c66fb8903c78663c9afc45aea4f116125fa6feffd364cf09443e8/linux-amd64/libnative-platform-file-events.so
7fa61c12b000-7fa61c32b000 ---p 00051000 08:05 15076880                   /home/douglas/.gradle/native/53dbd7edfb1c66fb8903c78663c9afc45aea4f116125fa6feffd364cf09443e8/linux-amd64/libnative-platform-file-events.so
7fa61c32b000-7fa61c32c000 r--p 00051000 08:05 15076880                   /home/douglas/.gradle/native/53dbd7edfb1c66fb8903c78663c9afc45aea4f116125fa6feffd364cf09443e8/linux-amd64/libnative-platform-file-events.so
7fa61c32c000-7fa61c32e000 rw-p 00052000 08:05 15076880                   /home/douglas/.gradle/native/53dbd7edfb1c66fb8903c78663c9afc45aea4f116125fa6feffd364cf09443e8/linux-amd64/libnative-platform-file-events.so
7fa61c32e000-7fa61c333000 r-xp 00000000 08:05 15076876                   /home/douglas/.gradle/native/8bec1ad78214c89d9ad589b4d07fe93259594b29d510b10fafb7a158f7737e5d/linux-amd64/libnative-platform.so
7fa61c333000-7fa61c533000 ---p 00005000 08:05 15076876                   /home/douglas/.gradle/native/8bec1ad78214c89d9ad589b4d07fe93259594b29d510b10fafb7a158f7737e5d/linux-amd64/libnative-platform.so
7fa61c533000-7fa61c534000 r--p 00005000 08:05 15076876                   /home/douglas/.gradle/native/8bec1ad78214c89d9ad589b4d07fe93259594b29d510b10fafb7a158f7737e5d/linux-amd64/libnative-platform.so
7fa61c534000-7fa61c535000 rw-p 00006000 08:05 15076876                   /home/douglas/.gradle/native/8bec1ad78214c89d9ad589b4d07fe93259594b29d510b10fafb7a158f7737e5d/linux-amd64/libnative-platform.so
7fa61c535000-7fa61c566000 rw-p 00000000 00:00 0 
7fa61c566000-7fa61c57a000 r-xp 00000000 08:05 394922                     /home/douglas/.local/share/JetBrains/Toolbox/apps/AndroidStudio/ch-0/203.7935034/jre/lib/libnet.so
7fa61c57a000-7fa61c779000 ---p 00014000 08:05 394922                     /home/douglas/.local/share/JetBrains/Toolbox/apps/AndroidStudio/ch-0/203.7935034/jre/lib/libnet.so
7fa61c779000-7fa61c77a000 r--p 00013000 08:05 394922                     /home/douglas/.local/share/JetBrains/Toolbox/apps/AndroidStudio/ch-0/203.7935034/jre/lib/libnet.so
7fa61c77a000-7fa61c77b000 rw-p 00014000 08:05 394922                     /home/douglas/.local/share/JetBrains/Toolbox/apps/AndroidStudio/ch-0/203.7935034/jre/lib/libnet.so
7fa61c77b000-7fa61c78a000 r-xp 00000000 08:05 394876                     /home/douglas/.local/share/JetBrains/Toolbox/apps/AndroidStudio/ch-0/203.7935034/jre/lib/libnio.so
7fa61c78a000-7fa61c989000 ---p 0000f000 08:05 394876                     /home/douglas/.local/share/JetBrains/Toolbox/apps/AndroidStudio/ch-0/203.7935034/jre/lib/libnio.so
7fa61c989000-7fa61c98a000 r--p 0000e000 08:05 394876                     /home/douglas/.local/share/JetBrains/Toolbox/apps/AndroidStudio/ch-0/203.7935034/jre/lib/libnio.so
7fa61c98a000-7fa61c98b000 rw-p 0000f000 08:05 394876                     /home/douglas/.local/share/JetBrains/Toolbox/apps/AndroidStudio/ch-0/203.7935034/jre/lib/libnio.so
7fa61c98b000-7fa61c98c000 ---p 00000000 00:00 0 
7fa61c98c000-7fa61ca8d000 rw-p 00000000 00:00 0 
7fa61ca8d000-7fa61ca91000 ---p 00000000 00:00 0 
7fa61ca91000-7fa61cb8e000 rw-p 00000000 00:00 0 
7fa61cb8e000-7fa61cb92000 ---p 00000000 00:00 0 
7fa61cb92000-7fa61cc8f000 rw-p 00000000 00:00 0 
7fa61cc8f000-7fa61cc93000 ---p 00000000 00:00 0 
7fa61cc93000-7fa61cd90000 rw-p 00000000 00:00 0 
7fa61cd90000-7fa61cd94000 ---p 00000000 00:00 0 
7fa61cd94000-7fa61ce91000 rw-p 00000000 00:00 0 
7fa61ce91000-7fa61ce95000 ---p 00000000 00:00 0 
7fa61ce95000-7fa61cf92000 rw-p 00000000 00:00 0 
7fa61cf92000-7fa61cf96000 ---p 00000000 00:00 0 
7fa61cf96000-7fa61d093000 rw-p 00000000 00:00 0 
7fa61d093000-7fa61d604000 r--p 00000000 08:05 9442177                    /usr/lib/locale/locale-archive
7fa61d604000-7fa61d608000 ---p 00000000 00:00 0 
7fa61d608000-7fa61d705000 rw-p 00000000 00:00 0 
7fa61d705000-7fa61d709000 ---p 00000000 00:00 0 
7fa61d709000-7fa61d806000 rw-p 00000000 00:00 0 
7fa61d806000-7fa61d807000 ---p 00000000 00:00 0 
7fa61d807000-7fa61e20c000 rw-p 00000000 00:00 0 
7fa61e20c000-7fa61e2b6000 rw-p 00000000 00:00 0 
7fa61e2b6000-7fa61e4f9000 ---p 00000000 00:00 0 
7fa61e4f9000-7fa61e52b000 rw-p 00000000 00:00 0 
7fa61e52b000-7fa61e64e000 ---p 00000000 00:00 0 
7fa61e64e000-7fa61e6b7000 rw-p 00000000 00:00 0 
7fa61e6b7000-7fa61e8f9000 ---p 00000000 00:00 0 
7fa61e8f9000-7fa61e906000 rw-p 00000000 00:00 0 
7fa61e906000-7fa61e9e5000 ---p 00000000 00:00 0 
7fa61e9e5000-7fa61ea16000 rw-p 00000000 00:00 0 
7fa61ea16000-7fa61ead0000 ---p 00000000 00:00 0 
7fa61ead0000-7fa61ead5000 rw-p 00000000 00:00 0 
7fa61ead5000-7fa61eadc000 ---p 00000000 00:00 0 
7fa61eadc000-7fa61eaf8000 r-xp 00000000 08:05 394921                     /home/douglas/.local/share/JetBrains/Toolbox/apps/AndroidStudio/ch-0/203.7935034/jre/lib/libzip.so
7fa61eaf8000-7fa61ecf7000 ---p 0001c000 08:05 394921                     /home/douglas/.local/share/JetBrains/Toolbox/apps/AndroidStudio/ch-0/203.7935034/jre/lib/libzip.so
7fa61ecf7000-7fa61ecf8000 r--p 0001b000 08:05 394921                     /home/douglas/.local/share/JetBrains/Toolbox/apps/AndroidStudio/ch-0/203.7935034/jre/lib/libzip.so
7fa61ecf8000-7fa61ecf9000 rw-p 0001c000 08:05 394921                     /home/douglas/.local/share/JetBrains/Toolbox/apps/AndroidStudio/ch-0/203.7935034/jre/lib/libzip.so
7fa61ecf9000-7fa61ed01000 rw-s 00000000 08:05 16781398                   /tmp/hsperfdata_douglas/6399
7fa61ed01000-7fa61ed1e000 r-xp 00000000 08:05 394869                     /home/douglas/.local/share/JetBrains/Toolbox/apps/AndroidStudio/ch-0/203.7935034/jre/lib/libjimage.so
7fa61ed1e000-7fa61ef1d000 ---p 0001d000 08:05 394869                     /home/douglas/.local/share/JetBrains/Toolbox/apps/AndroidStudio/ch-0/203.7935034/jre/lib/libjimage.so
7fa61ef1d000-7fa61ef1f000 r--p 0001c000 08:05 394869                     /home/douglas/.local/share/JetBrains/Toolbox/apps/AndroidStudio/ch-0/203.7935034/jre/lib/libjimage.so
7fa61ef1f000-7fa61ef20000 rw-p 0001e000 08:05 394869                     /home/douglas/.local/share/JetBrains/Toolbox/apps/AndroidStudio/ch-0/203.7935034/jre/lib/libjimage.so
7fa61ef20000-7fa61ef32000 rw-p 00000000 00:00 0 
7fa61ef32000-7fa61ef57000 r-xp 00000000 08:05 394912                     /home/douglas/.local/share/JetBrains/Toolbox/apps/AndroidStudio/ch-0/203.7935034/jre/lib/libjava.so
7fa61ef57000-7fa61f157000 ---p 00025000 08:05 394912                     /home/douglas/.local/share/JetBrains/Toolbox/apps/AndroidStudio/ch-0/203.7935034/jre/lib/libjava.so
7fa61f157000-7fa61f158000 r--p 00025000 08:05 394912                     /home/douglas/.local/share/JetBrains/Toolbox/apps/AndroidStudio/ch-0/203.7935034/jre/lib/libjava.so
7fa61f158000-7fa61f159000 rw-p 00026000 08:05 394912                     /home/douglas/.local/share/JetBrains/Toolbox/apps/AndroidStudio/ch-0/203.7935034/jre/lib/libjava.so
7fa61f159000-7fa61f166000 r-xp 00000000 08:05 394859                     /home/douglas/.local/share/JetBrains/Toolbox/apps/AndroidStudio/ch-0/203.7935034/jre/lib/libverify.so
7fa61f166000-7fa61f366000 ---p 0000d000 08:05 394859                     /home/douglas/.local/share/JetBrains/Toolbox/apps/AndroidStudio/ch-0/203.7935034/jre/lib/libverify.so
7fa61f366000-7fa61f368000 r--p 0000d000 08:05 394859                     /home/douglas/.local/share/JetBrains/Toolbox/apps/AndroidStudio/ch-0/203.7935034/jre/lib/libverify.so
7fa61f368000-7fa61f369000 rw-p 0000f000 08:05 394859                     /home/douglas/.local/share/JetBrains/Toolbox/apps/AndroidStudio/ch-0/203.7935034/jre/lib/libverify.so
7fa61f369000-7fa61f36b000 r--p 00000000 08:05 9439379                    /usr/lib/x86_64-linux-gnu/librt-2.31.so
7fa61f36b000-7fa61f36f000 r-xp 00002000 08:05 9439379                    /usr/lib/x86_64-linux-gnu/librt-2.31.so
7fa61f36f000-7fa61f371000 r--p 00006000 08:05 9439379                    /usr/lib/x86_64-linux-gnu/librt-2.31.so
7fa61f371000-7fa61f372000 r--p 00007000 08:05 9439379                    /usr/lib/x86_64-linux-gnu/librt-2.31.so
7fa61f372000-7fa61f373000 rw-p 00008000 08:05 9439379                    /usr/lib/x86_64-linux-gnu/librt-2.31.so
7fa61f373000-7fa61f377000 ---p 00000000 00:00 0 
7fa61f377000-7fa61f474000 rw-p 00000000 00:00 0 
7fa61f474000-7fa61f481000 r--p 00000000 08:05 9439366                    /usr/lib/x86_64-linux-gnu/libm-2.31.so
7fa61f481000-7fa61f528000 r-xp 0000d000 08:05 9439366                    /usr/lib/x86_64-linux-gnu/libm-2.31.so
7fa61f528000-7fa61f5c1000 r--p 000b4000 08:05 9439366                    /usr/lib/x86_64-linux-gnu/libm-2.31.so
7fa61f5c1000-7fa61f5c2000 r--p 0014c000 08:05 9439366                    /usr/lib/x86_64-linux-gnu/libm-2.31.so
7fa61f5c2000-7fa61f5c3000 rw-p 0014d000 08:05 9439366                    /usr/lib/x86_64-linux-gnu/libm-2.31.so
7fa61f5c3000-7fa6204ef000 r-xp 00000000 08:05 394849                     /home/douglas/.local/share/JetBrains/Toolbox/apps/AndroidStudio/ch-0/203.7935034/jre/lib/server/libjvm.so
7fa6204ef000-7fa6206ef000 ---p 00f2c000 08:05 394849                     /home/douglas/.local/share/JetBrains/Toolbox/apps/AndroidStudio/ch-0/203.7935034/jre/lib/server/libjvm.so
7fa6206ef000-7fa6207b3000 r--p 00f2c000 08:05 394849                     /home/douglas/.local/share/JetBrains/Toolbox/apps/AndroidStudio/ch-0/203.7935034/jre/lib/server/libjvm.so
7fa6207b3000-7fa6207ea000 rw-p 00ff0000 08:05 394849                     /home/douglas/.local/share/JetBrains/Toolbox/apps/AndroidStudio/ch-0/203.7935034/jre/lib/server/libjvm.so
7fa6207ea000-7fa620854000 rw-p 00000000 00:00 0 
7fa620854000-7fa620876000 r--p 00000000 08:05 9439364                    /usr/lib/x86_64-linux-gnu/libc-2.31.so
7fa620876000-7fa6209ee000 r-xp 00022000 08:05 9439364                    /usr/lib/x86_64-linux-gnu/libc-2.31.so
7fa6209ee000-7fa620a3c000 r--p 0019a000 08:05 9439364                    /usr/lib/x86_64-linux-gnu/libc-2.31.so
7fa620a3c000-7fa620a40000 r--p 001e7000 08:05 9439364                    /usr/lib/x86_64-linux-gnu/libc-2.31.so
7fa620a40000-7fa620a42000 rw-p 001eb000 08:05 9439364                    /usr/lib/x86_64-linux-gnu/libc-2.31.so
7fa620a42000-7fa620a46000 rw-p 00000000 00:00 0 
7fa620a46000-7fa620a47000 r--p 00000000 08:05 9439365                    /usr/lib/x86_64-linux-gnu/libdl-2.31.so
7fa620a47000-7fa620a49000 r-xp 00001000 08:05 9439365                    /usr/lib/x86_64-linux-gnu/libdl-2.31.so
7fa620a49000-7fa620a4a000 r--p 00003000 08:05 9439365                    /usr/lib/x86_64-linux-gnu/libdl-2.31.so
7fa620a4a000-7fa620a4b000 r--p 00003000 08:05 9439365                    /usr/lib/x86_64-linux-gnu/libdl-2.31.so
7fa620a4b000-7fa620a4c000 rw-p 00004000 08:05 9439365                    /usr/lib/x86_64-linux-gnu/libdl-2.31.so
7fa620a4c000-7fa620a62000 r-xp 00000000 08:05 394926                     /home/douglas/.local/share/JetBrains/Toolbox/apps/AndroidStudio/ch-0/203.7935034/jre/lib/jli/libjli.so
7fa620a62000-7fa620c61000 ---p 00016000 08:05 394926                     /home/douglas/.local/share/JetBrains/Toolbox/apps/AndroidStudio/ch-0/203.7935034/jre/lib/jli/libjli.so
7fa620c61000-7fa620c62000 r--p 00015000 08:05 394926                     /home/douglas/.local/share/JetBrains/Toolbox/apps/AndroidStudio/ch-0/203.7935034/jre/lib/jli/libjli.so
7fa620c62000-7fa620c63000 rw-p 00016000 08:05 394926                     /home/douglas/.local/share/JetBrains/Toolbox/apps/AndroidStudio/ch-0/203.7935034/jre/lib/jli/libjli.so
7fa620c63000-7fa620c69000 r--p 00000000 08:05 9439377                    /usr/lib/x86_64-linux-gnu/libpthread-2.31.so
7fa620c69000-7fa620c7a000 r-xp 00006000 08:05 9439377                    /usr/lib/x86_64-linux-gnu/libpthread-2.31.so
7fa620c7a000-7fa620c80000 r--p 00017000 08:05 9439377                    /usr/lib/x86_64-linux-gnu/libpthread-2.31.so
7fa620c80000-7fa620c81000 r--p 0001c000 08:05 9439377                    /usr/lib/x86_64-linux-gnu/libpthread-2.31.so
7fa620c81000-7fa620c82000 rw-p 0001d000 08:05 9439377                    /usr/lib/x86_64-linux-gnu/libpthread-2.31.so
7fa620c82000-7fa620c86000 rw-p 00000000 00:00 0 
7fa620c8a000-7fa620c8d000 r--p 00000000 08:05 9439372                    /usr/lib/x86_64-linux-gnu/libnss_files-2.31.so
7fa620c8d000-7fa620c94000 r-xp 00003000 08:05 9439372                    /usr/lib/x86_64-linux-gnu/libnss_files-2.31.so
7fa620c94000-7fa620c96000 r--p 0000a000 08:05 9439372                    /usr/lib/x86_64-linux-gnu/libnss_files-2.31.so
7fa620c96000-7fa620c97000 r--p 0000b000 08:05 9439372                    /usr/lib/x86_64-linux-gnu/libnss_files-2.31.so
7fa620c97000-7fa620c98000 rw-p 0000c000 08:05 9439372                    /usr/lib/x86_64-linux-gnu/libnss_files-2.31.so
7fa620c98000-7fa620c9e000 rw-p 00000000 00:00 0 
7fa620c9e000-7fa620c9f000 ---p 00000000 00:00 0 
7fa620c9f000-7fa620ca0000 r--p 00000000 00:00 0 
7fa620ca0000-7fa620ca2000 rw-p 00000000 00:00 0 
7fa620ca2000-7fa620ca3000 r--p 00000000 08:05 9439357                    /usr/lib/x86_64-linux-gnu/ld-2.31.so
7fa620ca3000-7fa620cc6000 r-xp 00001000 08:05 9439357                    /usr/lib/x86_64-linux-gnu/ld-2.31.so
7fa620cc6000-7fa620cce000 r--p 00024000 08:05 9439357                    /usr/lib/x86_64-linux-gnu/ld-2.31.so
7fa620ccf000-7fa620cd0000 r--p 0002c000 08:05 9439357                    /usr/lib/x86_64-linux-gnu/ld-2.31.so
7fa620cd0000-7fa620cd1000 rw-p 0002d000 08:05 9439357                    /usr/lib/x86_64-linux-gnu/ld-2.31.so
7fa620cd1000-7fa620cd2000 rw-p 00000000 00:00 0 
7ffc53aea000-7ffc53b0b000 rw-p 00000000 00:00 0                          [stack]
7ffc53bc6000-7ffc53bca000 r--p 00000000 00:00 0                          [vvar]
7ffc53bca000-7ffc53bcc000 r-xp 00000000 00:00 0                          [vdso]
ffffffffff600000-ffffffffff601000 --xp 00000000 00:00 0                  [vsyscall]


VM Arguments:
jvm_args: --add-opens=java.base/java.util=ALL-UNNAMED --add-opens=java.base/java.lang=ALL-UNNAMED --add-opens=java.base/java.lang.invoke=ALL-UNNAMED --add-opens=java.base/java.util=ALL-UNNAMED --add-opens=java.prefs/java.util.prefs=ALL-UNNAMED --add-opens=java.prefs/java.util.prefs=ALL-UNNAMED --add-opens=java.base/java.nio.charset=ALL-UNNAMED --add-opens=java.base/java.net=ALL-UNNAMED --add-opens=java.base/java.util.concurrent.atomic=ALL-UNNAMED -Xmx2048m -Dfile.encoding=UTF-8 -Duser.country=US -Duser.language=en -Duser.variant 
java_command: org.gradle.launcher.daemon.bootstrap.GradleDaemon 7.0.2
java_class_path (initial): /home/douglas/.gradle/wrapper/dists/gradle-7.0.2-bin/857tjihv64xamwrf0h14cai3r/gradle-7.0.2/lib/gradle-launcher-7.0.2.jar
Launcher Type: SUN_STANDARD

[Global flags]
     intx CICompilerCount                          = 2                                         {product} {ergonomic}
   size_t InitialHeapSize                          = 65011712                                  {product} {ergonomic}
   size_t MaxHeapSize                              = 2147483648                                {product} {command line}
   size_t MaxNewSize                               = 715784192                                 {product} {ergonomic}
   size_t MinHeapDeltaBytes                        = 196608                                    {product} {ergonomic}
   size_t NewSize                                  = 21626880                                  {product} {ergonomic}
    uintx NonNMethodCodeHeapSize                   = 5825164                                {pd product} {ergonomic}
    uintx NonProfiledCodeHeapSize                  = 122916538                              {pd product} {ergonomic}
   size_t OldSize                                  = 43384832                                  {product} {ergonomic}
    uintx ProfiledCodeHeapSize                     = 122916538                              {pd product} {ergonomic}
    uintx ReservedCodeCacheSize                    = 251658240                              {pd product} {ergonomic}
     bool SegmentedCodeCache                       = true                                      {product} {ergonomic}
     bool UseCompressedClassPointers               = true                                 {lp64_product} {ergonomic}
     bool UseCompressedOops                        = true                                 {lp64_product} {ergonomic}
     bool UseSerialGC                              = true                                      {product} {ergonomic}

Logging:
Log output configuration:
 #0: stdout all=warning uptime,level,tags
 #1: stderr all=off uptime,level,tags

Environment Variables:
PATH=/home/douglas/.local/bin:/user/bin:user/bin:/usr/local/sbin:/usr/local/bin:/usr/sbin:/usr/bin:/sbin:/bin:/usr/games:/usr/local/games:/usr/bin/:/bin:/snap/bin
USERNAME=douglas
SHELL=/bin/bash
DISPLAY=:0
LANG=en_US.UTF-8
LC_CTYPE=pt_BR.UTF-8

Signal Handlers:
SIGSEGV: [libjvm.so+0xc2dd80], sa_mask[0]=11111111011111111101111111111110, sa_flags=SA_RESTART|SA_SIGINFO
SIGBUS: [libjvm.so+0xc2dd80], sa_mask[0]=11111111011111111101111111111110, sa_flags=SA_RESTART|SA_SIGINFO
SIGFPE: [libjvm.so+0xc2dd80], sa_mask[0]=11111111011111111101111111111110, sa_flags=SA_RESTART|SA_SIGINFO
SIGPIPE: [libjvm.so+0xa839f0], sa_mask[0]=11111111011111111101111111111110, sa_flags=SA_RESTART|SA_SIGINFO
SIGXFSZ: [libjvm.so+0xa839f0], sa_mask[0]=11111111011111111101111111111110, sa_flags=SA_RESTART|SA_SIGINFO
SIGILL: [libjvm.so+0xc2dd80], sa_mask[0]=11111111011111111101111111111110, sa_flags=SA_RESTART|SA_SIGINFO
SIGUSR2: [libjvm.so+0xa840d0], sa_mask[0]=00100000000000000000000000000000, sa_flags=SA_RESTART|SA_SIGINFO
SIGHUP: [libjvm.so+0xa80ac0], sa_mask[0]=11111111011111111101111111111110, sa_flags=SA_RESTART|SA_SIGINFO
SIGINT: [libjvm.so+0xa80ac0], sa_mask[0]=11111111011111111101111111111110, sa_flags=SA_RESTART|SA_SIGINFO
SIGTERM: [libjvm.so+0xa80ac0], sa_mask[0]=11111111011111111101111111111110, sa_flags=SA_RESTART|SA_SIGINFO
SIGQUIT: [libjvm.so+0xa80ac0], sa_mask[0]=11111111011111111101111111111110, sa_flags=SA_RESTART|SA_SIGINFO


---------------  S Y S T E M  ---------------

OS:DISTRIB_ID=Ubuntu
DISTRIB_RELEASE=20.04
DISTRIB_CODENAME=focal
DISTRIB_DESCRIPTION="Ubuntu 20.04.3 LTS"
uname:Linux 5.13.0-30-generic #33~20.04.1-Ubuntu SMP Mon Feb 7 14:25:10 UTC 2022 x86_64
OS uptime: 0 days 1:19 hours
libc:glibc 2.31 NPTL 2.31 
rlimit (soft/hard): STACK 8192k/infinity , CORE 0k/infinity , NPROC 15403/15403 , NOFILE 1048576/1048576 , AS infinity/infinity , CPU infinity/infinity , DATA infinity/infinity , FSIZE infinity/infinity , MEMLOCK 65536k/65536k
load average:7,20 6,42 5,66

/proc/meminfo:
MemTotal:        4010116 kB
MemFree:          105736 kB
MemAvailable:     433876 kB
Buffers:           56268 kB
Cached:           550536 kB
SwapCached:        35888 kB
Active:           712348 kB
Inactive:        2920808 kB
Active(anon):     485996 kB
Inactive(anon):  2658408 kB
Active(file):     226352 kB
Inactive(file):   262400 kB
Unevictable:       26172 kB
Mlocked:              48 kB
SwapTotal:       2097148 kB
SwapFree:        1127444 kB
Dirty:               232 kB
Writeback:             0 kB
AnonPages:       3022976 kB
Mapped:           199752 kB
Shmem:            118044 kB
KReclaimable:      88004 kB
Slab:             165468 kB
SReclaimable:      88004 kB
SUnreclaim:        77464 kB
KernelStack:       12912 kB
PageTables:        28468 kB
NFS_Unstable:          0 kB
Bounce:                0 kB
WritebackTmp:          0 kB
CommitLimit:     4102204 kB
Committed_AS:    8424592 kB
VmallocTotal:   34359738367 kB
VmallocUsed:       27812 kB
VmallocChunk:          0 kB
Percpu:             3440 kB
HardwareCorrupted:     0 kB
AnonHugePages:         0 kB
ShmemHugePages:        0 kB
ShmemPmdMapped:        0 kB
FileHugePages:         0 kB
FilePmdMapped:         0 kB
HugePages_Total:       0
HugePages_Free:        0
HugePages_Rsvd:        0
HugePages_Surp:        0
Hugepagesize:       2048 kB
Hugetlb:               0 kB
DirectMap4k:      203392 kB
DirectMap2M:     3981312 kB

/sys/kernel/mm/transparent_hugepage/enabled:
always [madvise] never
/sys/kernel/mm/transparent_hugepage/defrag (defrag/compaction efforts parameter):
always defer defer+madvise [madvise] never

/proc/sys/kernel/threads-max (system-wide limit on the number of threads):
30806
/proc/sys/vm/max_map_count (maximum number of memory map areas a process may have):
65530
/proc/sys/kernel/pid_max (system-wide limit on number of process identifiers):
4194304

container (cgroup) information:
container_type: cgroupv1
cpu_cpuset_cpus: 0
cpu_memory_nodes: 0
active_processor_count: 1
cpu_quota: -1
cpu_period: 100000
cpu_shares: -1
memory_limit_in_bytes: -1
memory_and_swap_limit_in_bytes: -1
memory_soft_limit_in_bytes: -1
memory_usage_in_bytes: 3524222976
memory_max_usage_in_bytes: 3526279168

Steal ticks since vm start: 0
Steal ticks percentage since vm start:  0,000

CPU:total 1 (initial active 1) (1 cores per cpu, 1 threads per core) family 6 model 22 stepping 1 microcode 0x43, cmov, cx8, fxsr, mmx, sse, sse2, sse3, ssse3, tsc
CPU Model and flags from /proc/cpuinfo:
model name	: Intel(R) Celeron(R) CPU          450  @ 2.20GHz
flags		: fpu vme de pse tsc msr pae mce cx8 apic sep mtrr pge mca cmov pat pse36 clflush dts acpi mmx fxsr sse sse2 tm pbe syscall nx lm constant_tsc arch_perfmon pebs bts rep_good nopl cpuid aperfmperf pni dtes64 monitor ds_cpl tm2 ssse3 cx16 xtpr pdcm lahf_lm pti dtherm
Online cpus:
0
Offline cpus:
1-3
BIOS frequency limitation:
<Not Available>
Frequency switch latency (ns):
<Not Available>
Available cpu frequencies:
<Not Available>
Current governor:
<Not Available>
Core performance/turbo boost:
<Not Available>

Memory: 4k page, physical 4010116k(105736k free), swap 2097148k(1127444k free)

vm_info: OpenJDK 64-Bit Server VM (11.0.10+0-b96-7249189) for linux-amd64 JRE (11.0.10+0-b96-7249189), built on Mar 31 2021 19:21:57 by "androidbuild" with gcc Android (6875598, based on r399163b) Clang 11.0.5 (https://android.googlesource.com/toolchain/llvm-project 87f1315dfbea7c137aa2e6d362dbb457e388158d)

END.
